#
# There is insufficient memory for the Java Runtime Environment to continue.
# Native memory allocation (malloc) failed to allocate 581456 bytes for Chunk::new
# Possible reasons:
#   The system is out of physical RAM or swap space
#   The process is running with CompressedOops enabled, and the Java Heap may be blocking the growth of the native heap
# Possible solutions:
#   Reduce memory load on the system
#   Increase physical memory or swap space
#   Check if swap backing store is full
#   Decrease Java heap size (-Xmx/-Xms)
#   Decrease number of Java threads
#   Decrease Java thread stack sizes (-Xss)
#   Set larger code cache with -XX:ReservedCodeCacheSize=
#   JVM is running with Zero Based Compressed Oops mode in which the Java heap is
#     placed in the first 32GB address space. The Java Heap base address is the
#     maximum limit for the native heap growth. Please use -XX:HeapBaseMinAddress
#     to set the Java Heap base and to place the Java Heap above 32GB virtual address.
# This output file may be truncated or incomplete.
#
#  Out of Memory Error (./src/hotspot/share/memory/arena.cpp:197), pid=25452, tid=35972
#
# JRE version: OpenJDK Runtime Environment (11.0.10) (build 11.0.10+0-b96-7249189)
# Java VM: OpenJDK 64-Bit Server VM (11.0.10+0-b96-7249189, mixed mode, tiered, compressed oops, g1 gc, windows-amd64)
# No core dump will be written. Minidumps are not enabled by default on client versions of Windows
#

---------------  S U M M A R Y ------------

Command Line: --add-opens=java.base/java.util=ALL-UNNAMED --add-opens=java.base/java.lang=ALL-UNNAMED --add-opens=java.base/java.lang.invoke=ALL-UNNAMED --add-opens=java.prefs/java.util.prefs=ALL-UNNAMED -Xmx4096m -Dfile.encoding=windows-1252 -Duser.country=US -Duser.language=en -Duser.variant org.gradle.launcher.daemon.bootstrap.GradleDaemon 6.7

Host: Intel(R) Core(TM) i5-8265U CPU @ 1.60GHz, 8 cores, 15G,  Windows 10 , 64 bit Build 19041 (10.0.19041.1348)
Time: Wed Jan  5 03:51:58 2022 Pakistan Standard Time elapsed time: 395.878184 seconds (0d 0h 6m 35s)

---------------  T H R E A D  ---------------

Current thread (0x0000021987502000):  JavaThread "C2 CompilerThread0" daemon [_thread_in_native, id=35972, stack(0x0000003fdaf00000,0x0000003fdb000000)]


Current CompileTask:
C2: 395878 16184       4       org.gradle.internal.io.LinePerThreadBufferingOutputStream::write (9 bytes)

Stack: [0x0000003fdaf00000,0x0000003fdb000000]
Native frames: (J=compiled Java code, j=interpreted, Vv=VM code, C=native code)
V  [jvm.dll+0x5ecfaa]
V  [jvm.dll+0x722bd5]
V  [jvm.dll+0x72412d]
V  [jvm.dll+0x7247e3]
V  [jvm.dll+0x242928]
V  [jvm.dll+0xbc4fc]
V  [jvm.dll+0xbca0c]
V  [jvm.dll+0x352d7d]
V  [jvm.dll+0x320ad3]
V  [jvm.dll+0x31ffca]
V  [jvm.dll+0x1fb602]
V  [jvm.dll+0x1fa7f4]
V  [jvm.dll+0x18354c]
V  [jvm.dll+0x208ee7]
V  [jvm.dll+0x207731]
V  [jvm.dll+0x6eb1cf]
V  [jvm.dll+0x6e3d45]
V  [jvm.dll+0x5ebe96]
C  [ucrtbase.dll+0x21bb2]
C  [KERNEL32.DLL+0x17034]
C  [ntdll.dll+0x52651]


---------------  P R O C E S S  ---------------

Threads class SMR info:
_java_thread_list=0x00000219921ab4b0, length=59, elements={
0x00000219e7a35800, 0x000002198749a000, 0x000002198749c000, 0x00000219874fd800,
0x00000219874fe800, 0x0000021987501000, 0x0000021987502000, 0x0000021987505800,
0x0000021987507000, 0x000002198767f000, 0x0000021989366800, 0x000002198936a800,
0x0000021989369800, 0x0000021989367000, 0x0000021989365800, 0x0000021989522000,
0x0000021989525800, 0x0000021989520800, 0x0000021989526000, 0x0000021989528000,
0x000002198d0fe000, 0x000002199330b000, 0x0000021993311000, 0x000002199330e800,
0x000002199330d000, 0x000002199330c000, 0x0000021993315000, 0x0000021993313800,
0x0000021993314000, 0x0000021993312800, 0x000002199330f800, 0x0000021993317800,
0x0000021993316800, 0x0000021993316000, 0x000002199331a800, 0x000002199331b800,
0x000002199331a000, 0x000002199331c800, 0x000002199331d000, 0x000002199331e000,
0x0000021993319000, 0x0000021993323800, 0x0000021993320800, 0x0000021993321000,
0x0000021993324800, 0x0000021993322000, 0x0000021993325800, 0x000002199331f800,
0x000002199332a000, 0x0000021993328000, 0x0000021993328800, 0x0000021993326000,
0x0000021993327000, 0x0000021993329800, 0x0000021989523000, 0x0000021989523800,
0x0000021989524800, 0x000002198951f800, 0x0000021989529800
}

Java Threads: ( => current thread )
  0x00000219e7a35800 JavaThread "main" [_thread_blocked, id=35960, stack(0x0000003fda300000,0x0000003fda400000)]
  0x000002198749a000 JavaThread "Reference Handler" daemon [_thread_blocked, id=36516, stack(0x0000003fdaa00000,0x0000003fdab00000)]
  0x000002198749c000 JavaThread "Finalizer" daemon [_thread_blocked, id=35116, stack(0x0000003fdab00000,0x0000003fdac00000)]
  0x00000219874fd800 JavaThread "Signal Dispatcher" daemon [_thread_blocked, id=31676, stack(0x0000003fdac00000,0x0000003fdad00000)]
  0x00000219874fe800 JavaThread "Attach Listener" daemon [_thread_blocked, id=11512, stack(0x0000003fdad00000,0x0000003fdae00000)]
  0x0000021987501000 JavaThread "Service Thread" daemon [_thread_blocked, id=20072, stack(0x0000003fdae00000,0x0000003fdaf00000)]
=>0x0000021987502000 JavaThread "C2 CompilerThread0" daemon [_thread_in_native, id=35972, stack(0x0000003fdaf00000,0x0000003fdb000000)]
  0x0000021987505800 JavaThread "C1 CompilerThread0" daemon [_thread_blocked, id=36004, stack(0x0000003fdb000000,0x0000003fdb100000)]
  0x0000021987507000 JavaThread "Sweeper thread" daemon [_thread_blocked, id=4672, stack(0x0000003fdb100000,0x0000003fdb200000)]
  0x000002198767f000 JavaThread "Common-Cleaner" daemon [_thread_blocked, id=35164, stack(0x0000003fdb200000,0x0000003fdb300000)]
  0x0000021989366800 JavaThread "Daemon health stats" [_thread_blocked, id=32496, stack(0x0000003fdbb00000,0x0000003fdbc00000)]
  0x000002198936a800 JavaThread "Incoming local TCP Connector on port 60552" [_thread_in_native, id=7236, stack(0x0000003fdbc00000,0x0000003fdbd00000)]
  0x0000021989369800 JavaThread "Daemon periodic checks" [_thread_blocked, id=2532, stack(0x0000003fdbd00000,0x0000003fdbe00000)]
  0x0000021989367000 JavaThread "Daemon" [_thread_blocked, id=29088, stack(0x0000003fdbe00000,0x0000003fdbf00000)]
  0x0000021989365800 JavaThread "Daemon worker" [_thread_blocked, id=8736, stack(0x0000003fdc100000,0x0000003fdc200000)]
  0x0000021989522000 JavaThread "Cache worker for file hash cache (C:\Users\Kirshan lal\.gradle\caches\6.7\fileHashes)" [_thread_blocked, id=36664, stack(0x0000003fdc500000,0x0000003fdc600000)]
  0x0000021989525800 JavaThread "File lock request listener" [_thread_in_native, id=7532, stack(0x0000003fdc600000,0x0000003fdc700000)]
  0x0000021989520800 JavaThread "Cache worker for journal cache (C:\Users\Kirshan lal\.gradle\caches\journal-1)" [_thread_blocked, id=23356, stack(0x0000003fdcb00000,0x0000003fdcc00000)]
  0x0000021989526000 JavaThread "Cache worker for execution history cache (C:\Users\Kirshan lal\.gradle\caches\6.7\executionHistory)" [_thread_blocked, id=32040, stack(0x0000003fdd000000,0x0000003fdd100000)]
  0x0000021989528000 JavaThread "Cache worker for file content cache (C:\Users\Kirshan lal\.gradle\caches\6.7\fileContent)" [_thread_blocked, id=33316, stack(0x0000003fdd300000,0x0000003fdd400000)]
  0x000002198d0fe000 JavaThread "Memory manager" [_thread_blocked, id=23584, stack(0x0000003fe5200000,0x0000003fe5300000)]
  0x000002199330b000 JavaThread "Handler for socket connection from /127.0.0.1:60552 to /127.0.0.1:60664" [_thread_in_native, id=19496, stack(0x0000003fda000000,0x0000003fda100000)]
  0x0000021993311000 JavaThread "Cancel handler" [_thread_blocked, id=34020, stack(0x0000003fdbf00000,0x0000003fdc000000)]
  0x000002199330e800 JavaThread "Asynchronous log dispatcher for DefaultDaemonConnection: socket connection from /127.0.0.1:60552 to /127.0.0.1:60664" [_thread_blocked, id=16264, stack(0x0000003fdc000000,0x0000003fdc100000)]
  0x000002199330d000 JavaThread "Thread-171" [_thread_blocked, id=30192, stack(0x0000003fdc400000,0x0000003fdc500000)]
  0x000002199330c000 JavaThread "Cache worker for file hash cache (E:\Personal\veroexpress\android\.gradle\6.7\fileHashes)" [_thread_blocked, id=37536, stack(0x0000003fdcc00000,0x0000003fdcd00000)]
  0x0000021993315000 JavaThread "Cache worker for checksums cache (E:\Personal\veroexpress\android\.gradle\checksums)" [_thread_blocked, id=308, stack(0x0000003fdcd00000,0x0000003fdce00000)]
  0x0000021993313800 JavaThread "Cache worker for cache directory md-supplier (C:\Users\Kirshan lal\.gradle\caches\6.7\md-supplier)" [_thread_blocked, id=12852, stack(0x0000003fdce00000,0x0000003fdcf00000)]
  0x0000021993314000 JavaThread "Cache worker for cache directory md-rule (C:\Users\Kirshan lal\.gradle\caches\6.7\md-rule)" [_thread_blocked, id=34964, stack(0x0000003fdcf00000,0x0000003fdd000000)]
  0x0000021993312800 JavaThread "Cache worker for Build Output Cleanup Cache (E:\Personal\veroexpress\android\.gradle\buildOutputCleanup)" [_thread_blocked, id=24472, stack(0x0000003fdd600000,0x0000003fdd700000)]
  0x000002199330f800 JavaThread "Build operations" [_thread_blocked, id=37600, stack(0x0000003fdd700000,0x0000003fdd800000)]
  0x0000021993317800 JavaThread "Build operations Thread 2" [_thread_blocked, id=25196, stack(0x0000003fdd800000,0x0000003fdd900000)]
  0x0000021993316800 JavaThread "Build operations Thread 3" [_thread_blocked, id=19256, stack(0x0000003fdd900000,0x0000003fdda00000)]
  0x0000021993316000 JavaThread "Build operations Thread 4" [_thread_blocked, id=11372, stack(0x0000003fdda00000,0x0000003fddb00000)]
  0x000002199331a800 JavaThread "Build operations Thread 5" [_thread_blocked, id=33404, stack(0x0000003fddb00000,0x0000003fddc00000)]
  0x000002199331b800 JavaThread "Build operations Thread 6" [_thread_blocked, id=32056, stack(0x0000003fddc00000,0x0000003fddd00000)]
  0x000002199331a000 JavaThread "Build operations Thread 7" [_thread_blocked, id=30456, stack(0x0000003fe5100000,0x0000003fe5200000)]
  0x000002199331c800 JavaThread "Build operations Thread 8" [_thread_blocked, id=11648, stack(0x0000003fe5e00000,0x0000003fe5f00000)]
  0x000002199331d000 JavaThread "pool-2-thread-1" [_thread_blocked, id=15276, stack(0x0000003fe5f00000,0x0000003fe6000000)]
  0x000002199331e000 JavaThread "build event listener" [_thread_blocked, id=11804, stack(0x0000003fe6000000,0x0000003fe6100000)]
  0x0000021993319000 JavaThread "Cache worker for execution history cache (E:\Personal\veroexpress\android\.gradle\6.7\executionHistory)" [_thread_blocked, id=36772, stack(0x0000003fdba00000,0x0000003fdbb00000)]
  0x0000021993323800 JavaThread "Execution worker for ':'" [_thread_blocked, id=35976, stack(0x0000003fe6100000,0x0000003fe6200000)]
  0x0000021993320800 JavaThread "Execution worker for ':' Thread 2" [_thread_blocked, id=10160, stack(0x0000003fe6200000,0x0000003fe6300000)]
  0x0000021993321000 JavaThread "Execution worker for ':' Thread 3" [_thread_blocked, id=24568, stack(0x0000003fe6300000,0x0000003fe6400000)]
  0x0000021993324800 JavaThread "Execution worker for ':' Thread 4" [_thread_blocked, id=34176, stack(0x0000003fe6400000,0x0000003fe6500000)]
  0x0000021993322000 JavaThread "Execution worker for ':' Thread 5" [_thread_blocked, id=1848, stack(0x0000003fe6500000,0x0000003fe6600000)]
  0x0000021993325800 JavaThread "Execution worker for ':' Thread 6" [_thread_blocked, id=34884, stack(0x0000003fe6600000,0x0000003fe6700000)]
  0x000002199331f800 JavaThread "Execution worker for ':' Thread 7" [_thread_blocked, id=35808, stack(0x0000003fe6700000,0x0000003fe6800000)]
  0x000002199332a000 JavaThread "WorkerExecutor Queue" [_thread_blocked, id=12968, stack(0x0000003fe6800000,0x0000003fe6900000)]
  0x0000021993328000 JavaThread "WorkerExecutor Queue Thread 2" [_thread_blocked, id=5956, stack(0x0000003fe6900000,0x0000003fe6a00000)]
  0x0000021993328800 JavaThread "WorkerExecutor Queue Thread 3" [_thread_blocked, id=32384, stack(0x0000003fe6a00000,0x0000003fe6b00000)]
  0x0000021993326000 JavaThread "WorkerExecutor Queue Thread 4" [_thread_blocked, id=28692, stack(0x0000003fe6b00000,0x0000003fe6c00000)]
  0x0000021993327000 JavaThread "WorkerExecutor Queue Thread 5" [_thread_blocked, id=36832, stack(0x0000003fe6c00000,0x0000003fe6d00000)]
  0x0000021993329800 JavaThread "WorkerExecutor Queue Thread 6" [_thread_blocked, id=31820, stack(0x0000003fe6d00000,0x0000003fe6e00000)]
  0x0000021989523000 JavaThread "WorkerExecutor Queue Thread 7" [_thread_blocked, id=6716, stack(0x0000003fe6e00000,0x0000003fe6f00000)]
  0x0000021989523800 JavaThread "WorkerExecutor Queue Thread 8" [_thread_blocked, id=19220, stack(0x0000003fe6f00000,0x0000003fe7000000)]
  0x0000021989524800 JavaThread "Exec process" [_thread_in_native, id=10028, stack(0x0000003fdd400000,0x0000003fdd500000)]
  0x000002198951f800 JavaThread "Exec process Thread 2" [_thread_in_native, id=4160, stack(0x0000003fdd500000,0x0000003fdd600000)]
  0x0000021989529800 JavaThread "Exec process Thread 3" [_thread_in_native, id=22000, stack(0x0000003fe7000000,0x0000003fe7100000)]

Other Threads:
  0x0000021987473000 VMThread "VM Thread" [stack: 0x0000003fda900000,0x0000003fdaa00000] [id=27072]
  0x00000219876b4000 WatcherThread [stack: 0x0000003fdb300000,0x0000003fdb400000] [id=4816]
  0x00000219e7a4f800 GCTaskThread "GC Thread#0" [stack: 0x0000003fda400000,0x0000003fda500000] [id=23916]
  0x0000021988240800 GCTaskThread "GC Thread#1" [stack: 0x0000003fdb500000,0x0000003fdb600000] [id=31972]
  0x0000021988258000 GCTaskThread "GC Thread#2" [stack: 0x0000003fdb600000,0x0000003fdb700000] [id=27528]
  0x000002198839e000 GCTaskThread "GC Thread#3" [stack: 0x0000003fdb700000,0x0000003fdb800000] [id=37700]
  0x00000219883a1000 GCTaskThread "GC Thread#4" [stack: 0x0000003fdb800000,0x0000003fdb900000] [id=24668]
  0x00000219883a1800 GCTaskThread "GC Thread#5" [stack: 0x0000003fdb900000,0x0000003fdba00000] [id=25948]
  0x0000021989c74800 GCTaskThread "GC Thread#6" [stack: 0x0000003fdc700000,0x0000003fdc800000] [id=33524]
  0x000002198a07b000 GCTaskThread "GC Thread#7" [stack: 0x0000003fdc800000,0x0000003fdc900000] [id=30612]
  0x0000021984133000 ConcurrentGCThread "G1 Main Marker" [stack: 0x0000003fda500000,0x0000003fda600000] [id=4572]
  0x0000021984134800 ConcurrentGCThread "G1 Conc#0" [stack: 0x0000003fda600000,0x0000003fda700000] [id=24424]
  0x00000219883b4800 ConcurrentGCThread "G1 Conc#1" [stack: 0x0000003fdc900000,0x0000003fdca00000] [id=30832]
  0x0000021984255800 ConcurrentGCThread "G1 Refine#0" [stack: 0x0000003fda700000,0x0000003fda800000] [id=28060]
  0x000002198ae67000 ConcurrentGCThread "G1 Refine#1" [stack: 0x0000003fe5400000,0x0000003fe5500000] [id=28776]
  0x0000021988604000 ConcurrentGCThread "G1 Refine#2" [stack: 0x0000003fe5500000,0x0000003fe5600000] [id=21140]
  0x000002198e516000 ConcurrentGCThread "G1 Refine#3" [stack: 0x0000003fdb400000,0x0000003fdb500000] [id=33996]
  0x0000021984256800 ConcurrentGCThread "G1 Young RemSet Sampling" [stack: 0x0000003fda800000,0x0000003fda900000] [id=34184]

Threads with active compile tasks:
C2 CompilerThread0 396145 16184       4       org.gradle.internal.io.LinePerThreadBufferingOutputStream::write (9 bytes)

VM state:not at safepoint (normal execution)

VM Mutex/Monitor currently owned by a thread: None

Heap address: 0x0000000700000000, size: 4096 MB, Compressed Oops mode: Zero based, Oop shift amount: 3
Narrow klass base: 0x0000000800000000, Narrow klass shift: 0
Compressed class space size: 1073741824 Address: 0x0000000800000000

Heap:
 garbage-first heap   total 378880K, used 238430K [0x0000000700000000, 0x0000000800000000)
  region size 1024K, 13 young (13312K), 12 survivors (12288K)
 Metaspace       used 93593K, capacity 99119K, committed 99276K, reserved 1134592K
  class space    used 11995K, capacity 13976K, committed 14080K, reserved 1048576K
Heap Regions: E=young(eden), S=young(survivor), O=old, HS=humongous(starts), HC=humongous(continues), CS=collection set, F=free, A=archive, TAMS=top-at-mark-start (previous, next)
|   0|0x0000000700000000, 0x0000000700100000, 0x0000000700100000|100%| O|  |TAMS 0x0000000700100000, 0x0000000700000000| Untracked 
|   1|0x0000000700100000, 0x0000000700200000, 0x0000000700200000|100%| O|  |TAMS 0x0000000700200000, 0x0000000700100000| Untracked 
|   2|0x0000000700200000, 0x0000000700300000, 0x0000000700300000|100%| O|  |TAMS 0x0000000700300000, 0x0000000700200000| Untracked 
|   3|0x0000000700300000, 0x0000000700400000, 0x0000000700400000|100%|HS|  |TAMS 0x0000000700400000, 0x0000000700300000| Complete 
|   4|0x0000000700400000, 0x0000000700500000, 0x0000000700500000|100%|HC|  |TAMS 0x0000000700500000, 0x0000000700400000| Complete 
|   5|0x0000000700500000, 0x0000000700600000, 0x0000000700600000|100%|HC|  |TAMS 0x0000000700600000, 0x0000000700500000| Complete 
|   6|0x0000000700600000, 0x0000000700700000, 0x0000000700700000|100%| O|  |TAMS 0x0000000700700000, 0x0000000700600000| Untracked 
|   7|0x0000000700700000, 0x0000000700800000, 0x0000000700800000|100%| O|  |TAMS 0x0000000700800000, 0x0000000700700000| Untracked 
|   8|0x0000000700800000, 0x0000000700900000, 0x0000000700900000|100%| O|  |TAMS 0x0000000700900000, 0x0000000700800000| Untracked 
|   9|0x0000000700900000, 0x0000000700a00000, 0x0000000700a00000|100%| O|  |TAMS 0x0000000700a00000, 0x0000000700900000| Untracked 
|  10|0x0000000700a00000, 0x0000000700b00000, 0x0000000700b00000|100%| O|  |TAMS 0x0000000700b00000, 0x0000000700a00000| Untracked 
|  11|0x0000000700b00000, 0x0000000700c00000, 0x0000000700c00000|100%| O|  |TAMS 0x0000000700c00000, 0x0000000700b00000| Untracked 
|  12|0x0000000700c00000, 0x0000000700d00000, 0x0000000700d00000|100%| O|  |TAMS 0x0000000700d00000, 0x0000000700c00000| Untracked 
|  13|0x0000000700d00000, 0x0000000700e00000, 0x0000000700e00000|100%| O|  |TAMS 0x0000000700e00000, 0x0000000700d00000| Untracked 
|  14|0x0000000700e00000, 0x0000000700f00000, 0x0000000700f00000|100%| O|  |TAMS 0x0000000700f00000, 0x0000000700e00000| Untracked 
|  15|0x0000000700f00000, 0x0000000701000000, 0x0000000701000000|100%| O|  |TAMS 0x0000000701000000, 0x0000000700f00000| Untracked 
|  16|0x0000000701000000, 0x0000000701100000, 0x0000000701100000|100%|HS|  |TAMS 0x0000000701100000, 0x0000000701000000| Complete 
|  17|0x0000000701100000, 0x0000000701200000, 0x0000000701200000|100%|HS|  |TAMS 0x0000000701200000, 0x0000000701100000| Complete 
|  18|0x0000000701200000, 0x0000000701300000, 0x0000000701300000|100%|HS|  |TAMS 0x0000000701300000, 0x0000000701200000| Complete 
|  19|0x0000000701300000, 0x0000000701400000, 0x0000000701400000|100%|HC|  |TAMS 0x0000000701400000, 0x0000000701300000| Complete 
|  20|0x0000000701400000, 0x0000000701500000, 0x0000000701500000|100%|HC|  |TAMS 0x0000000701500000, 0x0000000701400000| Complete 
|  21|0x0000000701500000, 0x0000000701600000, 0x0000000701600000|100%|HS|  |TAMS 0x0000000701600000, 0x0000000701500000| Complete 
|  22|0x0000000701600000, 0x0000000701700000, 0x0000000701700000|100%|HC|  |TAMS 0x0000000701700000, 0x0000000701600000| Complete 
|  23|0x0000000701700000, 0x0000000701800000, 0x0000000701800000|100%| O|  |TAMS 0x0000000701800000, 0x0000000701700000| Untracked 
|  24|0x0000000701800000, 0x0000000701900000, 0x0000000701900000|100%| O|  |TAMS 0x0000000701900000, 0x0000000701800000| Untracked 
|  25|0x0000000701900000, 0x0000000701a00000, 0x0000000701a00000|100%| O|  |TAMS 0x0000000701a00000, 0x0000000701900000| Untracked 
|  26|0x0000000701a00000, 0x0000000701b00000, 0x0000000701b00000|100%| O|  |TAMS 0x0000000701b00000, 0x0000000701a00000| Untracked 
|  27|0x0000000701b00000, 0x0000000701c00000, 0x0000000701c00000|100%| O|  |TAMS 0x0000000701c00000, 0x0000000701b00000| Untracked 
|  28|0x0000000701c00000, 0x0000000701d00000, 0x0000000701d00000|100%| O|  |TAMS 0x0000000701d00000, 0x0000000701c00000| Untracked 
|  29|0x0000000701d00000, 0x0000000701e00000, 0x0000000701e00000|100%| O|  |TAMS 0x0000000701e00000, 0x0000000701d00000| Untracked 
|  30|0x0000000701e00000, 0x0000000701f00000, 0x0000000701f00000|100%| O|  |TAMS 0x0000000701f00000, 0x0000000701e00000| Untracked 
|  31|0x0000000701f00000, 0x0000000702000000, 0x0000000702000000|100%| O|  |TAMS 0x0000000702000000, 0x0000000701f00000| Untracked 
|  32|0x0000000702000000, 0x0000000702100000, 0x0000000702100000|100%| O|  |TAMS 0x0000000702100000, 0x0000000702000000| Untracked 
|  33|0x0000000702100000, 0x0000000702200000, 0x0000000702200000|100%| O|  |TAMS 0x0000000702200000, 0x0000000702100000| Untracked 
|  34|0x0000000702200000, 0x0000000702300000, 0x0000000702300000|100%| O|  |TAMS 0x0000000702300000, 0x0000000702200000| Untracked 
|  35|0x0000000702300000, 0x0000000702400000, 0x0000000702400000|100%| O|  |TAMS 0x0000000702400000, 0x0000000702300000| Untracked 
|  36|0x0000000702400000, 0x0000000702500000, 0x0000000702500000|100%| O|  |TAMS 0x0000000702500000, 0x0000000702400000| Untracked 
|  37|0x0000000702500000, 0x0000000702600000, 0x0000000702600000|100%| O|  |TAMS 0x0000000702600000, 0x0000000702500000| Untracked 
|  38|0x0000000702600000, 0x0000000702700000, 0x0000000702700000|100%| O|  |TAMS 0x0000000702700000, 0x0000000702600000| Untracked 
|  39|0x0000000702700000, 0x0000000702800000, 0x0000000702800000|100%| O|  |TAMS 0x0000000702800000, 0x0000000702700000| Untracked 
|  40|0x0000000702800000, 0x0000000702900000, 0x0000000702900000|100%| O|  |TAMS 0x0000000702900000, 0x0000000702800000| Untracked 
|  41|0x0000000702900000, 0x0000000702a00000, 0x0000000702a00000|100%| O|  |TAMS 0x0000000702a00000, 0x0000000702900000| Untracked 
|  42|0x0000000702a00000, 0x0000000702b00000, 0x0000000702b00000|100%| O|  |TAMS 0x0000000702b00000, 0x0000000702a00000| Untracked 
|  43|0x0000000702b00000, 0x0000000702c00000, 0x0000000702c00000|100%| O|  |TAMS 0x0000000702c00000, 0x0000000702b00000| Untracked 
|  44|0x0000000702c00000, 0x0000000702d00000, 0x0000000702d00000|100%| O|  |TAMS 0x0000000702d00000, 0x0000000702c00000| Untracked 
|  45|0x0000000702d00000, 0x0000000702e00000, 0x0000000702e00000|100%| O|  |TAMS 0x0000000702e00000, 0x0000000702d00000| Untracked 
|  46|0x0000000702e00000, 0x0000000702f00000, 0x0000000702f00000|100%| O|  |TAMS 0x0000000702f00000, 0x0000000702e00000| Untracked 
|  47|0x0000000702f00000, 0x0000000703000000, 0x0000000703000000|100%| O|  |TAMS 0x0000000703000000, 0x0000000702f00000| Untracked 
|  48|0x0000000703000000, 0x0000000703100000, 0x0000000703100000|100%|HS|  |TAMS 0x0000000703100000, 0x0000000703000000| Complete 
|  49|0x0000000703100000, 0x0000000703200000, 0x0000000703200000|100%|HC|  |TAMS 0x0000000703200000, 0x0000000703100000| Complete 
|  50|0x0000000703200000, 0x0000000703300000, 0x0000000703300000|100%| O|  |TAMS 0x0000000703300000, 0x0000000703200000| Untracked 
|  51|0x0000000703300000, 0x0000000703400000, 0x0000000703400000|100%| O|  |TAMS 0x0000000703400000, 0x0000000703300000| Untracked 
|  52|0x0000000703400000, 0x0000000703500000, 0x0000000703500000|100%| O|  |TAMS 0x0000000703500000, 0x0000000703400000| Untracked 
|  53|0x0000000703500000, 0x0000000703600000, 0x0000000703600000|100%| O|  |TAMS 0x0000000703600000, 0x0000000703500000| Untracked 
|  54|0x0000000703600000, 0x0000000703700000, 0x0000000703700000|100%| O|  |TAMS 0x0000000703700000, 0x0000000703600000| Untracked 
|  55|0x0000000703700000, 0x0000000703800000, 0x0000000703800000|100%| O|  |TAMS 0x0000000703800000, 0x0000000703700000| Untracked 
|  56|0x0000000703800000, 0x0000000703900000, 0x0000000703900000|100%| O|  |TAMS 0x0000000703900000, 0x0000000703800000| Untracked 
|  57|0x0000000703900000, 0x0000000703a00000, 0x0000000703a00000|100%| O|  |TAMS 0x0000000703a00000, 0x0000000703900000| Untracked 
|  58|0x0000000703a00000, 0x0000000703b00000, 0x0000000703b00000|100%| O|  |TAMS 0x0000000703b00000, 0x0000000703a00000| Untracked 
|  59|0x0000000703b00000, 0x0000000703c00000, 0x0000000703c00000|100%| O|  |TAMS 0x0000000703c00000, 0x0000000703b00000| Untracked 
|  60|0x0000000703c00000, 0x0000000703d00000, 0x0000000703d00000|100%| O|  |TAMS 0x0000000703d00000, 0x0000000703c00000| Untracked 
|  61|0x0000000703d00000, 0x0000000703e00000, 0x0000000703e00000|100%| O|  |TAMS 0x0000000703e00000, 0x0000000703d00000| Untracked 
|  62|0x0000000703e00000, 0x0000000703f00000, 0x0000000703f00000|100%| O|  |TAMS 0x0000000703f00000, 0x0000000703e00000| Untracked 
|  63|0x0000000703f00000, 0x0000000704000000, 0x0000000704000000|100%| O|  |TAMS 0x0000000704000000, 0x0000000703f00000| Untracked 
|  64|0x0000000704000000, 0x0000000704100000, 0x0000000704100000|100%| O|  |TAMS 0x0000000704100000, 0x0000000704000000| Untracked 
|  65|0x0000000704100000, 0x0000000704200000, 0x0000000704200000|100%| O|  |TAMS 0x0000000704200000, 0x0000000704100000| Untracked 
|  66|0x0000000704200000, 0x0000000704300000, 0x0000000704300000|100%| O|  |TAMS 0x0000000704300000, 0x0000000704200000| Untracked 
|  67|0x0000000704300000, 0x0000000704400000, 0x0000000704400000|100%| O|  |TAMS 0x0000000704400000, 0x0000000704300000| Untracked 
|  68|0x0000000704400000, 0x0000000704500000, 0x0000000704500000|100%| O|  |TAMS 0x0000000704500000, 0x0000000704400000| Untracked 
|  69|0x0000000704500000, 0x0000000704600000, 0x0000000704600000|100%| O|  |TAMS 0x0000000704600000, 0x0000000704500000| Untracked 
|  70|0x0000000704600000, 0x0000000704700000, 0x0000000704700000|100%| O|  |TAMS 0x0000000704700000, 0x0000000704600000| Untracked 
|  71|0x0000000704700000, 0x0000000704800000, 0x0000000704800000|100%| O|  |TAMS 0x0000000704800000, 0x0000000704700000| Untracked 
|  72|0x0000000704800000, 0x0000000704900000, 0x0000000704900000|100%| O|  |TAMS 0x0000000704900000, 0x0000000704800000| Untracked 
|  73|0x0000000704900000, 0x0000000704a00000, 0x0000000704a00000|100%| O|  |TAMS 0x0000000704a00000, 0x0000000704900000| Untracked 
|  74|0x0000000704a00000, 0x0000000704b00000, 0x0000000704b00000|100%| O|  |TAMS 0x0000000704b00000, 0x0000000704a00000| Untracked 
|  75|0x0000000704b00000, 0x0000000704c00000, 0x0000000704c00000|100%| O|  |TAMS 0x0000000704c00000, 0x0000000704b00000| Untracked 
|  76|0x0000000704c00000, 0x0000000704d00000, 0x0000000704d00000|100%| O|  |TAMS 0x0000000704d00000, 0x0000000704c00000| Untracked 
|  77|0x0000000704d00000, 0x0000000704e00000, 0x0000000704e00000|100%| O|  |TAMS 0x0000000704e00000, 0x0000000704d00000| Untracked 
|  78|0x0000000704e00000, 0x0000000704f00000, 0x0000000704f00000|100%| O|  |TAMS 0x0000000704f00000, 0x0000000704e00000| Untracked 
|  79|0x0000000704f00000, 0x0000000705000000, 0x0000000705000000|100%| O|  |TAMS 0x0000000705000000, 0x0000000704f00000| Untracked 
|  80|0x0000000705000000, 0x0000000705100000, 0x0000000705100000|100%| O|  |TAMS 0x0000000705100000, 0x0000000705000000| Untracked 
|  81|0x0000000705100000, 0x0000000705200000, 0x0000000705200000|100%|HS|  |TAMS 0x0000000705200000, 0x0000000705100000| Complete 
|  82|0x0000000705200000, 0x0000000705300000, 0x0000000705300000|100%|HC|  |TAMS 0x0000000705300000, 0x0000000705200000| Complete 
|  83|0x0000000705300000, 0x0000000705400000, 0x0000000705400000|100%| O|  |TAMS 0x0000000705400000, 0x0000000705300000| Untracked 
|  84|0x0000000705400000, 0x0000000705500000, 0x0000000705500000|100%| O|  |TAMS 0x0000000705500000, 0x0000000705400000| Untracked 
|  85|0x0000000705500000, 0x0000000705600000, 0x0000000705600000|100%| O|  |TAMS 0x0000000705600000, 0x0000000705500000| Untracked 
|  86|0x0000000705600000, 0x0000000705700000, 0x0000000705700000|100%| O|  |TAMS 0x0000000705700000, 0x0000000705600000| Untracked 
|  87|0x0000000705700000, 0x0000000705800000, 0x0000000705800000|100%| O|  |TAMS 0x0000000705800000, 0x0000000705700000| Untracked 
|  88|0x0000000705800000, 0x0000000705900000, 0x0000000705900000|100%| O|  |TAMS 0x0000000705900000, 0x0000000705800000| Untracked 
|  89|0x0000000705900000, 0x0000000705a00000, 0x0000000705a00000|100%| O|  |TAMS 0x0000000705a00000, 0x0000000705900000| Untracked 
|  90|0x0000000705a00000, 0x0000000705b00000, 0x0000000705b00000|100%| O|  |TAMS 0x0000000705b00000, 0x0000000705a00000| Untracked 
|  91|0x0000000705b00000, 0x0000000705c00000, 0x0000000705c00000|100%| O|  |TAMS 0x0000000705c00000, 0x0000000705b00000| Untracked 
|  92|0x0000000705c00000, 0x0000000705d00000, 0x0000000705d00000|100%| O|  |TAMS 0x0000000705d00000, 0x0000000705c00000| Untracked 
|  93|0x0000000705d00000, 0x0000000705e00000, 0x0000000705e00000|100%| O|  |TAMS 0x0000000705e00000, 0x0000000705d00000| Untracked 
|  94|0x0000000705e00000, 0x0000000705f00000, 0x0000000705f00000|100%| O|  |TAMS 0x0000000705f00000, 0x0000000705e00000| Untracked 
|  95|0x0000000705f00000, 0x0000000706000000, 0x0000000706000000|100%| O|  |TAMS 0x0000000706000000, 0x0000000705f00000| Untracked 
|  96|0x0000000706000000, 0x0000000706100000, 0x0000000706100000|100%| O|  |TAMS 0x0000000706100000, 0x0000000706000000| Untracked 
|  97|0x0000000706100000, 0x0000000706200000, 0x0000000706200000|100%| O|  |TAMS 0x0000000706200000, 0x0000000706100000| Untracked 
|  98|0x0000000706200000, 0x0000000706300000, 0x0000000706300000|100%|HS|  |TAMS 0x0000000706300000, 0x0000000706200000| Complete 
|  99|0x0000000706300000, 0x0000000706400000, 0x0000000706400000|100%|HS|  |TAMS 0x0000000706400000, 0x0000000706300000| Complete 
| 100|0x0000000706400000, 0x0000000706500000, 0x0000000706500000|100%|HC|  |TAMS 0x0000000706500000, 0x0000000706400000| Complete 
| 101|0x0000000706500000, 0x0000000706600000, 0x0000000706600000|100%|HS|  |TAMS 0x0000000706600000, 0x0000000706500000| Complete 
| 102|0x0000000706600000, 0x0000000706700000, 0x0000000706700000|100%|HC|  |TAMS 0x0000000706700000, 0x0000000706600000| Complete 
| 103|0x0000000706700000, 0x0000000706800000, 0x0000000706800000|100%|HC|  |TAMS 0x0000000706800000, 0x0000000706700000| Complete 
| 104|0x0000000706800000, 0x0000000706900000, 0x0000000706900000|100%| O|  |TAMS 0x0000000706900000, 0x0000000706800000| Untracked 
| 105|0x0000000706900000, 0x0000000706a00000, 0x0000000706a00000|100%| O|  |TAMS 0x0000000706a00000, 0x0000000706900000| Untracked 
| 106|0x0000000706a00000, 0x0000000706b00000, 0x0000000706b00000|100%| O|  |TAMS 0x0000000706b00000, 0x0000000706a00000| Untracked 
| 107|0x0000000706b00000, 0x0000000706c00000, 0x0000000706c00000|100%| O|  |TAMS 0x0000000706c00000, 0x0000000706b00000| Untracked 
| 108|0x0000000706c00000, 0x0000000706d00000, 0x0000000706d00000|100%| O|  |TAMS 0x0000000706d00000, 0x0000000706c00000| Untracked 
| 109|0x0000000706d00000, 0x0000000706e00000, 0x0000000706e00000|100%| O|  |TAMS 0x0000000706e00000, 0x0000000706d00000| Untracked 
| 110|0x0000000706e00000, 0x0000000706f00000, 0x0000000706f00000|100%| O|  |TAMS 0x0000000706f00000, 0x0000000706e00000| Untracked 
| 111|0x0000000706f00000, 0x0000000707000000, 0x0000000707000000|100%| O|  |TAMS 0x0000000707000000, 0x0000000706f00000| Untracked 
| 112|0x0000000707000000, 0x0000000707100000, 0x0000000707100000|100%| O|  |TAMS 0x0000000707100000, 0x0000000707000000| Untracked 
| 113|0x0000000707100000, 0x0000000707200000, 0x0000000707200000|100%| O|  |TAMS 0x0000000707200000, 0x0000000707100000| Untracked 
| 114|0x0000000707200000, 0x0000000707300000, 0x0000000707300000|100%| O|  |TAMS 0x0000000707300000, 0x0000000707200000| Untracked 
| 115|0x0000000707300000, 0x0000000707400000, 0x0000000707400000|100%| O|  |TAMS 0x0000000707400000, 0x0000000707300000| Untracked 
| 116|0x0000000707400000, 0x0000000707500000, 0x0000000707500000|100%| O|  |TAMS 0x0000000707500000, 0x0000000707400000| Untracked 
| 117|0x0000000707500000, 0x0000000707600000, 0x0000000707600000|100%| O|  |TAMS 0x0000000707600000, 0x0000000707500000| Untracked 
| 118|0x0000000707600000, 0x0000000707700000, 0x0000000707700000|100%| O|  |TAMS 0x0000000707700000, 0x0000000707600000| Untracked 
| 119|0x0000000707700000, 0x0000000707800000, 0x0000000707800000|100%| O|  |TAMS 0x0000000707800000, 0x0000000707700000| Untracked 
| 120|0x0000000707800000, 0x0000000707900000, 0x0000000707900000|100%| O|  |TAMS 0x0000000707900000, 0x0000000707800000| Untracked 
| 121|0x0000000707900000, 0x0000000707a00000, 0x0000000707a00000|100%| O|  |TAMS 0x0000000707a00000, 0x0000000707900000| Untracked 
| 122|0x0000000707a00000, 0x0000000707b00000, 0x0000000707b00000|100%| O|  |TAMS 0x0000000707b00000, 0x0000000707a00000| Untracked 
| 123|0x0000000707b00000, 0x0000000707c00000, 0x0000000707c00000|100%| O|  |TAMS 0x0000000707c00000, 0x0000000707b00000| Untracked 
| 124|0x0000000707c00000, 0x0000000707d00000, 0x0000000707d00000|100%| O|  |TAMS 0x0000000707d00000, 0x0000000707c00000| Untracked 
| 125|0x0000000707d00000, 0x0000000707e00000, 0x0000000707e00000|100%| O|  |TAMS 0x0000000707e00000, 0x0000000707d00000| Untracked 
| 126|0x0000000707e00000, 0x0000000707f00000, 0x0000000707f00000|100%| O|  |TAMS 0x0000000707f00000, 0x0000000707e00000| Untracked 
| 127|0x0000000707f00000, 0x0000000708000000, 0x0000000708000000|100%| O|  |TAMS 0x0000000708000000, 0x0000000707f00000| Untracked 
| 128|0x0000000708000000, 0x0000000708100000, 0x0000000708100000|100%| O|  |TAMS 0x0000000708100000, 0x0000000708000000| Untracked 
| 129|0x0000000708100000, 0x0000000708200000, 0x0000000708200000|100%| O|  |TAMS 0x0000000708200000, 0x0000000708100000| Untracked 
| 130|0x0000000708200000, 0x0000000708300000, 0x0000000708300000|100%| O|  |TAMS 0x0000000708300000, 0x0000000708200000| Untracked 
| 131|0x0000000708300000, 0x0000000708400000, 0x0000000708400000|100%| O|  |TAMS 0x0000000708400000, 0x0000000708300000| Untracked 
| 132|0x0000000708400000, 0x0000000708500000, 0x0000000708500000|100%| O|  |TAMS 0x0000000708500000, 0x0000000708400000| Untracked 
| 133|0x0000000708500000, 0x0000000708600000, 0x0000000708600000|100%| O|  |TAMS 0x0000000708600000, 0x0000000708500000| Untracked 
| 134|0x0000000708600000, 0x0000000708700000, 0x0000000708700000|100%| O|  |TAMS 0x0000000708700000, 0x0000000708600000| Untracked 
| 135|0x0000000708700000, 0x0000000708800000, 0x0000000708800000|100%| O|  |TAMS 0x0000000708800000, 0x0000000708700000| Untracked 
| 136|0x0000000708800000, 0x0000000708900000, 0x0000000708900000|100%| O|  |TAMS 0x0000000708900000, 0x0000000708800000| Untracked 
| 137|0x0000000708900000, 0x0000000708a00000, 0x0000000708a00000|100%| O|  |TAMS 0x0000000708a00000, 0x0000000708900000| Untracked 
| 138|0x0000000708a00000, 0x0000000708b00000, 0x0000000708b00000|100%| O|  |TAMS 0x0000000708b00000, 0x0000000708a00000| Untracked 
| 139|0x0000000708b00000, 0x0000000708c00000, 0x0000000708c00000|100%| O|  |TAMS 0x0000000708c00000, 0x0000000708b00000| Untracked 
| 140|0x0000000708c00000, 0x0000000708d00000, 0x0000000708d00000|100%| O|  |TAMS 0x0000000708d00000, 0x0000000708c00000| Untracked 
| 141|0x0000000708d00000, 0x0000000708e00000, 0x0000000708e00000|100%| O|  |TAMS 0x0000000708e00000, 0x0000000708d00000| Untracked 
| 142|0x0000000708e00000, 0x0000000708f00000, 0x0000000708f00000|100%| O|  |TAMS 0x0000000708f00000, 0x0000000708e00000| Untracked 
| 143|0x0000000708f00000, 0x0000000709000000, 0x0000000709000000|100%| O|  |TAMS 0x0000000709000000, 0x0000000708f00000| Untracked 
| 144|0x0000000709000000, 0x0000000709100000, 0x0000000709100000|100%| O|  |TAMS 0x0000000709100000, 0x0000000709000000| Untracked 
| 145|0x0000000709100000, 0x0000000709200000, 0x0000000709200000|100%| O|  |TAMS 0x0000000709200000, 0x0000000709100000| Untracked 
| 146|0x0000000709200000, 0x0000000709300000, 0x0000000709300000|100%| O|  |TAMS 0x0000000709300000, 0x0000000709200000| Untracked 
| 147|0x0000000709300000, 0x0000000709400000, 0x0000000709400000|100%| O|  |TAMS 0x0000000709400000, 0x0000000709300000| Untracked 
| 148|0x0000000709400000, 0x0000000709500000, 0x0000000709500000|100%| O|  |TAMS 0x0000000709500000, 0x0000000709400000| Untracked 
| 149|0x0000000709500000, 0x0000000709600000, 0x0000000709600000|100%| O|  |TAMS 0x0000000709600000, 0x0000000709500000| Untracked 
| 150|0x0000000709600000, 0x0000000709700000, 0x0000000709700000|100%| O|  |TAMS 0x0000000709700000, 0x0000000709600000| Untracked 
| 151|0x0000000709700000, 0x0000000709800000, 0x0000000709800000|100%| O|  |TAMS 0x0000000709800000, 0x0000000709700000| Untracked 
| 152|0x0000000709800000, 0x0000000709900000, 0x0000000709900000|100%| O|  |TAMS 0x0000000709900000, 0x0000000709800000| Untracked 
| 153|0x0000000709900000, 0x0000000709a00000, 0x0000000709a00000|100%| O|  |TAMS 0x0000000709a00000, 0x0000000709900000| Untracked 
| 154|0x0000000709a00000, 0x0000000709b00000, 0x0000000709b00000|100%| O|  |TAMS 0x0000000709b00000, 0x0000000709a00000| Untracked 
| 155|0x0000000709b00000, 0x0000000709c00000, 0x0000000709c00000|100%| O|  |TAMS 0x0000000709c00000, 0x0000000709b00000| Untracked 
| 156|0x0000000709c00000, 0x0000000709d00000, 0x0000000709d00000|100%| O|  |TAMS 0x0000000709d00000, 0x0000000709c00000| Untracked 
| 157|0x0000000709d00000, 0x0000000709e00000, 0x0000000709e00000|100%| O|  |TAMS 0x0000000709e00000, 0x0000000709d00000| Untracked 
| 158|0x0000000709e00000, 0x0000000709f00000, 0x0000000709f00000|100%| O|  |TAMS 0x0000000709f00000, 0x0000000709e00000| Untracked 
| 159|0x0000000709f00000, 0x000000070a000000, 0x000000070a000000|100%| O|  |TAMS 0x000000070a000000, 0x0000000709f00000| Untracked 
| 160|0x000000070a000000, 0x000000070a100000, 0x000000070a100000|100%| O|  |TAMS 0x000000070a100000, 0x000000070a000000| Untracked 
| 161|0x000000070a100000, 0x000000070a200000, 0x000000070a200000|100%| O|  |TAMS 0x000000070a200000, 0x000000070a100000| Untracked 
| 162|0x000000070a200000, 0x000000070a300000, 0x000000070a300000|100%| O|  |TAMS 0x000000070a300000, 0x000000070a200000| Untracked 
| 163|0x000000070a300000, 0x000000070a400000, 0x000000070a400000|100%| O|  |TAMS 0x000000070a400000, 0x000000070a300000| Untracked 
| 164|0x000000070a400000, 0x000000070a500000, 0x000000070a500000|100%| O|  |TAMS 0x000000070a500000, 0x000000070a400000| Untracked 
| 165|0x000000070a500000, 0x000000070a600000, 0x000000070a600000|100%| O|  |TAMS 0x000000070a600000, 0x000000070a500000| Untracked 
| 166|0x000000070a600000, 0x000000070a700000, 0x000000070a700000|100%| O|  |TAMS 0x000000070a700000, 0x000000070a600000| Untracked 
| 167|0x000000070a700000, 0x000000070a800000, 0x000000070a800000|100%| O|  |TAMS 0x000000070a800000, 0x000000070a700000| Untracked 
| 168|0x000000070a800000, 0x000000070a900000, 0x000000070a900000|100%| O|  |TAMS 0x000000070a900000, 0x000000070a800000| Untracked 
| 169|0x000000070a900000, 0x000000070aa00000, 0x000000070aa00000|100%| O|  |TAMS 0x000000070aa00000, 0x000000070a900000| Untracked 
| 170|0x000000070aa00000, 0x000000070ab00000, 0x000000070ab00000|100%| O|  |TAMS 0x000000070aa00000, 0x000000070aa00000| Untracked 
| 171|0x000000070ab00000, 0x000000070ac00000, 0x000000070ac00000|100%| O|  |TAMS 0x000000070ab00000, 0x000000070ab00000| Untracked 
| 172|0x000000070ac00000, 0x000000070ad00000, 0x000000070ad00000|100%| O|  |TAMS 0x000000070ac76c00, 0x000000070ac00000| Untracked 
| 173|0x000000070ad00000, 0x000000070ae00000, 0x000000070ae00000|100%| O|  |TAMS 0x000000070ad00000, 0x000000070ad00000| Untracked 
| 174|0x000000070ae00000, 0x000000070af00000, 0x000000070af00000|100%| O|  |TAMS 0x000000070ae00000, 0x000000070ae00000| Untracked 
| 175|0x000000070af00000, 0x000000070b000000, 0x000000070b000000|100%| O|  |TAMS 0x000000070af00000, 0x000000070af00000| Untracked 
| 176|0x000000070b000000, 0x000000070b100000, 0x000000070b100000|100%| O|  |TAMS 0x000000070b000000, 0x000000070b000000| Untracked 
| 177|0x000000070b100000, 0x000000070b200000, 0x000000070b200000|100%| O|  |TAMS 0x000000070b100000, 0x000000070b100000| Untracked 
| 178|0x000000070b200000, 0x000000070b300000, 0x000000070b300000|100%| O|  |TAMS 0x000000070b200000, 0x000000070b200000| Untracked 
| 179|0x000000070b300000, 0x000000070b400000, 0x000000070b400000|100%| O|  |TAMS 0x000000070b300000, 0x000000070b300000| Untracked 
| 180|0x000000070b400000, 0x000000070b500000, 0x000000070b500000|100%| O|  |TAMS 0x000000070b400000, 0x000000070b400000| Untracked 
| 181|0x000000070b500000, 0x000000070b600000, 0x000000070b600000|100%| O|  |TAMS 0x000000070b500000, 0x000000070b500000| Untracked 
| 182|0x000000070b600000, 0x000000070b700000, 0x000000070b700000|100%| O|  |TAMS 0x000000070b600000, 0x000000070b600000| Untracked 
| 183|0x000000070b700000, 0x000000070b800000, 0x000000070b800000|100%| O|  |TAMS 0x000000070b700000, 0x000000070b700000| Untracked 
| 184|0x000000070b800000, 0x000000070b900000, 0x000000070b900000|100%| O|  |TAMS 0x000000070b800000, 0x000000070b800000| Untracked 
| 185|0x000000070b900000, 0x000000070ba00000, 0x000000070ba00000|100%| O|  |TAMS 0x000000070b900000, 0x000000070b900000| Untracked 
| 186|0x000000070ba00000, 0x000000070bb00000, 0x000000070bb00000|100%| O|  |TAMS 0x000000070ba00000, 0x000000070ba00000| Untracked 
| 187|0x000000070bb00000, 0x000000070bc00000, 0x000000070bc00000|100%| O|  |TAMS 0x000000070bb00000, 0x000000070bb00000| Untracked 
| 188|0x000000070bc00000, 0x000000070bd00000, 0x000000070bd00000|100%| O|  |TAMS 0x000000070bc00000, 0x000000070bc00000| Untracked 
| 189|0x000000070bd00000, 0x000000070be00000, 0x000000070be00000|100%| O|  |TAMS 0x000000070bd00000, 0x000000070bd00000| Untracked 
| 190|0x000000070be00000, 0x000000070bf00000, 0x000000070bf00000|100%| O|  |TAMS 0x000000070be00000, 0x000000070be00000| Untracked 
| 191|0x000000070bf00000, 0x000000070c000000, 0x000000070c000000|100%| O|  |TAMS 0x000000070bf00000, 0x000000070bf00000| Untracked 
| 192|0x000000070c000000, 0x000000070c100000, 0x000000070c100000|100%| O|  |TAMS 0x000000070c000000, 0x000000070c000000| Untracked 
| 193|0x000000070c100000, 0x000000070c200000, 0x000000070c200000|100%|HS|  |TAMS 0x000000070c100000, 0x000000070c100000| Complete 
| 194|0x000000070c200000, 0x000000070c300000, 0x000000070c300000|100%| O|  |TAMS 0x000000070c200000, 0x000000070c200000| Untracked 
| 195|0x000000070c300000, 0x000000070c400000, 0x000000070c400000|100%| O|  |TAMS 0x000000070c300000, 0x000000070c300000| Untracked 
| 196|0x000000070c400000, 0x000000070c500000, 0x000000070c500000|100%| O|  |TAMS 0x000000070c400000, 0x000000070c400000| Untracked 
| 197|0x000000070c500000, 0x000000070c600000, 0x000000070c600000|100%| O|  |TAMS 0x000000070c500000, 0x000000070c500000| Untracked 
| 198|0x000000070c600000, 0x000000070c700000, 0x000000070c700000|100%| O|  |TAMS 0x000000070c600000, 0x000000070c600000| Untracked 
| 199|0x000000070c700000, 0x000000070c800000, 0x000000070c800000|100%| O|  |TAMS 0x000000070c700000, 0x000000070c700000| Untracked 
| 200|0x000000070c800000, 0x000000070c900000, 0x000000070c900000|100%| O|  |TAMS 0x000000070c800000, 0x000000070c800000| Untracked 
| 201|0x000000070c900000, 0x000000070ca00000, 0x000000070ca00000|100%| O|  |TAMS 0x000000070c900000, 0x000000070c900000| Untracked 
| 202|0x000000070ca00000, 0x000000070cb00000, 0x000000070cb00000|100%| O|  |TAMS 0x000000070ca00000, 0x000000070ca00000| Untracked 
| 203|0x000000070cb00000, 0x000000070cc00000, 0x000000070cc00000|100%| O|  |TAMS 0x000000070cb00000, 0x000000070cb00000| Untracked 
| 204|0x000000070cc00000, 0x000000070cd00000, 0x000000070cd00000|100%| O|  |TAMS 0x000000070cc00000, 0x000000070cc00000| Untracked 
| 205|0x000000070cd00000, 0x000000070ce00000, 0x000000070ce00000|100%| O|  |TAMS 0x000000070cd00000, 0x000000070cd00000| Untracked 
| 206|0x000000070ce00000, 0x000000070cf00000, 0x000000070cf00000|100%| O|  |TAMS 0x000000070ce00000, 0x000000070ce00000| Untracked 
| 207|0x000000070cf00000, 0x000000070d000000, 0x000000070d000000|100%| O|  |TAMS 0x000000070cf00000, 0x000000070cf00000| Untracked 
| 208|0x000000070d000000, 0x000000070d100000, 0x000000070d100000|100%| O|  |TAMS 0x000000070d000000, 0x000000070d000000| Untracked 
| 209|0x000000070d100000, 0x000000070d200000, 0x000000070d200000|100%| O|  |TAMS 0x000000070d100000, 0x000000070d100000| Untracked 
| 210|0x000000070d200000, 0x000000070d300000, 0x000000070d300000|100%| O|  |TAMS 0x000000070d200000, 0x000000070d200000| Untracked 
| 211|0x000000070d300000, 0x000000070d400000, 0x000000070d400000|100%| O|  |TAMS 0x000000070d300000, 0x000000070d300000| Untracked 
| 212|0x000000070d400000, 0x000000070d500000, 0x000000070d500000|100%| O|  |TAMS 0x000000070d400000, 0x000000070d400000| Untracked 
| 213|0x000000070d500000, 0x000000070d600000, 0x000000070d600000|100%| O|  |TAMS 0x000000070d500000, 0x000000070d500000| Untracked 
| 214|0x000000070d600000, 0x000000070d700000, 0x000000070d700000|100%| O|  |TAMS 0x000000070d600000, 0x000000070d600000| Untracked 
| 215|0x000000070d700000, 0x000000070d800000, 0x000000070d800000|100%|HS|  |TAMS 0x000000070d700000, 0x000000070d700000| Complete 
| 216|0x000000070d800000, 0x000000070d900000, 0x000000070d900000|100%|HS|  |TAMS 0x000000070d800000, 0x000000070d800000| Complete 
| 217|0x000000070d900000, 0x000000070da00000, 0x000000070da00000|100%| O|  |TAMS 0x000000070d900000, 0x000000070d900000| Untracked 
| 218|0x000000070da00000, 0x000000070db00000, 0x000000070db00000|100%| O|  |TAMS 0x000000070da00000, 0x000000070da00000| Untracked 
| 219|0x000000070db00000, 0x000000070dc00000, 0x000000070dc00000|100%| O|  |TAMS 0x000000070db00000, 0x000000070db00000| Untracked 
| 220|0x000000070dc00000, 0x000000070dcd7a00, 0x000000070dd00000| 84%| O|  |TAMS 0x000000070dc00000, 0x000000070dc00000| Untracked 
| 221|0x000000070dd00000, 0x000000070dd00000, 0x000000070de00000|  0%| F|  |TAMS 0x000000070dd00000, 0x000000070dd00000| Untracked 
| 222|0x000000070de00000, 0x000000070de00000, 0x000000070df00000|  0%| F|  |TAMS 0x000000070de00000, 0x000000070de00000| Untracked 
| 223|0x000000070df00000, 0x000000070df00000, 0x000000070e000000|  0%| F|  |TAMS 0x000000070df00000, 0x000000070df00000| Untracked 
| 224|0x000000070e000000, 0x000000070e000000, 0x000000070e100000|  0%| F|  |TAMS 0x000000070e000000, 0x000000070e000000| Untracked 
| 225|0x000000070e100000, 0x000000070e100000, 0x000000070e200000|  0%| F|  |TAMS 0x000000070e100000, 0x000000070e100000| Untracked 
| 226|0x000000070e200000, 0x000000070e200000, 0x000000070e300000|  0%| F|  |TAMS 0x000000070e200000, 0x000000070e200000| Untracked 
| 227|0x000000070e300000, 0x000000070e300000, 0x000000070e400000|  0%| F|  |TAMS 0x000000070e300000, 0x000000070e300000| Untracked 
| 228|0x000000070e400000, 0x000000070e400000, 0x000000070e500000|  0%| F|  |TAMS 0x000000070e400000, 0x000000070e400000| Untracked 
| 229|0x000000070e500000, 0x000000070e500000, 0x000000070e600000|  0%| F|  |TAMS 0x000000070e500000, 0x000000070e500000| Untracked 
| 230|0x000000070e600000, 0x000000070e600000, 0x000000070e700000|  0%| F|  |TAMS 0x000000070e600000, 0x000000070e600000| Untracked 
| 231|0x000000070e700000, 0x000000070e700000, 0x000000070e800000|  0%| F|  |TAMS 0x000000070e700000, 0x000000070e700000| Untracked 
| 232|0x000000070e800000, 0x000000070e800000, 0x000000070e900000|  0%| F|  |TAMS 0x000000070e800000, 0x000000070e800000| Untracked 
| 233|0x000000070e900000, 0x000000070e900000, 0x000000070ea00000|  0%| F|  |TAMS 0x000000070e900000, 0x000000070e900000| Untracked 
| 234|0x000000070ea00000, 0x000000070ea00000, 0x000000070eb00000|  0%| F|  |TAMS 0x000000070ea00000, 0x000000070ea00000| Untracked 
| 235|0x000000070eb00000, 0x000000070eb00000, 0x000000070ec00000|  0%| F|  |TAMS 0x000000070eb00000, 0x000000070eb00000| Untracked 
| 236|0x000000070ec00000, 0x000000070ec00000, 0x000000070ed00000|  0%| F|  |TAMS 0x000000070ec00000, 0x000000070ec00000| Untracked 
| 237|0x000000070ed00000, 0x000000070ed00000, 0x000000070ee00000|  0%| F|  |TAMS 0x000000070ed00000, 0x000000070ed00000| Untracked 
| 238|0x000000070ee00000, 0x000000070ee00000, 0x000000070ef00000|  0%| F|  |TAMS 0x000000070ee00000, 0x000000070ee00000| Untracked 
| 239|0x000000070ef00000, 0x000000070ef00000, 0x000000070f000000|  0%| F|  |TAMS 0x000000070ef00000, 0x000000070ef00000| Untracked 
| 240|0x000000070f000000, 0x000000070f000000, 0x000000070f100000|  0%| F|  |TAMS 0x000000070f000000, 0x000000070f000000| Untracked 
| 241|0x000000070f100000, 0x000000070f100000, 0x000000070f200000|  0%| F|  |TAMS 0x000000070f100000, 0x000000070f100000| Untracked 
| 242|0x000000070f200000, 0x000000070f200000, 0x000000070f300000|  0%| F|  |TAMS 0x000000070f200000, 0x000000070f200000| Untracked 
| 243|0x000000070f300000, 0x000000070f300000, 0x000000070f400000|  0%| F|  |TAMS 0x000000070f300000, 0x000000070f300000| Untracked 
| 244|0x000000070f400000, 0x000000070f400000, 0x000000070f500000|  0%| F|  |TAMS 0x000000070f400000, 0x000000070f400000| Untracked 
| 245|0x000000070f500000, 0x000000070f500000, 0x000000070f600000|  0%| F|  |TAMS 0x000000070f500000, 0x000000070f500000| Untracked 
| 246|0x000000070f600000, 0x000000070f600000, 0x000000070f700000|  0%| F|  |TAMS 0x000000070f600000, 0x000000070f600000| Untracked 
| 247|0x000000070f700000, 0x000000070f700000, 0x000000070f800000|  0%| F|  |TAMS 0x000000070f700000, 0x000000070f700000| Untracked 
| 248|0x000000070f800000, 0x000000070f800000, 0x000000070f900000|  0%| F|  |TAMS 0x000000070f800000, 0x000000070f800000| Untracked 
| 249|0x000000070f900000, 0x000000070f900000, 0x000000070fa00000|  0%| F|  |TAMS 0x000000070f900000, 0x000000070f900000| Untracked 
| 250|0x000000070fa00000, 0x000000070fa00000, 0x000000070fb00000|  0%| F|  |TAMS 0x000000070fa00000, 0x000000070fa00000| Untracked 
| 251|0x000000070fb00000, 0x000000070fb00000, 0x000000070fc00000|  0%| F|  |TAMS 0x000000070fb00000, 0x000000070fb00000| Untracked 
| 252|0x000000070fc00000, 0x000000070fc00000, 0x000000070fd00000|  0%| F|  |TAMS 0x000000070fc00000, 0x000000070fc00000| Untracked 
| 253|0x000000070fd00000, 0x000000070fd00000, 0x000000070fe00000|  0%| F|  |TAMS 0x000000070fd00000, 0x000000070fd00000| Untracked 
| 254|0x000000070fe00000, 0x000000070fe00000, 0x000000070ff00000|  0%| F|  |TAMS 0x000000070fe00000, 0x000000070fe00000| Untracked 
| 255|0x000000070ff00000, 0x000000070ff00000, 0x0000000710000000|  0%| F|  |TAMS 0x000000070ff00000, 0x000000070ff00000| Untracked 
| 256|0x0000000710000000, 0x0000000710000000, 0x0000000710100000|  0%| F|  |TAMS 0x0000000710000000, 0x0000000710000000| Untracked 
| 257|0x0000000710100000, 0x0000000710100000, 0x0000000710200000|  0%| F|  |TAMS 0x0000000710100000, 0x0000000710100000| Untracked 
| 258|0x0000000710200000, 0x0000000710200000, 0x0000000710300000|  0%| F|  |TAMS 0x0000000710200000, 0x0000000710200000| Untracked 
| 259|0x0000000710300000, 0x0000000710300000, 0x0000000710400000|  0%| F|  |TAMS 0x0000000710300000, 0x0000000710300000| Untracked 
| 260|0x0000000710400000, 0x0000000710400000, 0x0000000710500000|  0%| F|  |TAMS 0x0000000710400000, 0x0000000710400000| Untracked 
| 261|0x0000000710500000, 0x0000000710500000, 0x0000000710600000|  0%| F|  |TAMS 0x0000000710500000, 0x0000000710500000| Untracked 
| 262|0x0000000710600000, 0x0000000710600000, 0x0000000710700000|  0%| F|  |TAMS 0x0000000710600000, 0x0000000710600000| Untracked 
| 263|0x0000000710700000, 0x0000000710700000, 0x0000000710800000|  0%| F|  |TAMS 0x0000000710700000, 0x0000000710700000| Untracked 
| 264|0x0000000710800000, 0x0000000710800000, 0x0000000710900000|  0%| F|  |TAMS 0x0000000710800000, 0x0000000710800000| Untracked 
| 265|0x0000000710900000, 0x0000000710900000, 0x0000000710a00000|  0%| F|  |TAMS 0x0000000710900000, 0x0000000710900000| Untracked 
| 266|0x0000000710a00000, 0x0000000710a00000, 0x0000000710b00000|  0%| F|  |TAMS 0x0000000710a00000, 0x0000000710a00000| Untracked 
| 267|0x0000000710b00000, 0x0000000710b00000, 0x0000000710c00000|  0%| F|  |TAMS 0x0000000710b00000, 0x0000000710b00000| Untracked 
| 268|0x0000000710c00000, 0x0000000710d00000, 0x0000000710d00000|100%| S|CS|TAMS 0x0000000710c00000, 0x0000000710c00000| Complete 
| 269|0x0000000710d00000, 0x0000000710e00000, 0x0000000710e00000|100%| S|CS|TAMS 0x0000000710d00000, 0x0000000710d00000| Complete 
| 270|0x0000000710e00000, 0x0000000710f00000, 0x0000000710f00000|100%| S|CS|TAMS 0x0000000710e00000, 0x0000000710e00000| Complete 
| 271|0x0000000710f00000, 0x0000000711000000, 0x0000000711000000|100%| S|CS|TAMS 0x0000000710f00000, 0x0000000710f00000| Complete 
| 272|0x0000000711000000, 0x0000000711000000, 0x0000000711100000|  0%| F|  |TAMS 0x0000000711000000, 0x0000000711000000| Untracked 
| 273|0x0000000711100000, 0x0000000711100000, 0x0000000711200000|  0%| F|  |TAMS 0x0000000711100000, 0x0000000711100000| Untracked 
| 274|0x0000000711200000, 0x0000000711200000, 0x0000000711300000|  0%| F|  |TAMS 0x0000000711200000, 0x0000000711200000| Untracked 
| 275|0x0000000711300000, 0x0000000711300000, 0x0000000711400000|  0%| F|  |TAMS 0x0000000711300000, 0x0000000711300000| Untracked 
| 276|0x0000000711400000, 0x0000000711400000, 0x0000000711500000|  0%| F|  |TAMS 0x0000000711400000, 0x0000000711400000| Untracked 
| 277|0x0000000711500000, 0x0000000711500000, 0x0000000711600000|  0%| F|  |TAMS 0x0000000711500000, 0x0000000711500000| Untracked 
| 278|0x0000000711600000, 0x0000000711600000, 0x0000000711700000|  0%| F|  |TAMS 0x0000000711600000, 0x0000000711600000| Untracked 
| 279|0x0000000711700000, 0x0000000711700000, 0x0000000711800000|  0%| F|  |TAMS 0x0000000711700000, 0x0000000711700000| Untracked 
| 280|0x0000000711800000, 0x0000000711800000, 0x0000000711900000|  0%| F|  |TAMS 0x0000000711800000, 0x0000000711800000| Untracked 
| 281|0x0000000711900000, 0x0000000711900000, 0x0000000711a00000|  0%| F|  |TAMS 0x0000000711900000, 0x0000000711900000| Untracked 
| 282|0x0000000711a00000, 0x0000000711b00000, 0x0000000711b00000|100%| S|CS|TAMS 0x0000000711a00000, 0x0000000711a00000| Complete 
| 283|0x0000000711b00000, 0x0000000711c00000, 0x0000000711c00000|100%| S|CS|TAMS 0x0000000711b00000, 0x0000000711b00000| Complete 
| 284|0x0000000711c00000, 0x0000000711d00000, 0x0000000711d00000|100%| S|CS|TAMS 0x0000000711c00000, 0x0000000711c00000| Complete 
| 285|0x0000000711d00000, 0x0000000711e00000, 0x0000000711e00000|100%| S|CS|TAMS 0x0000000711d00000, 0x0000000711d00000| Complete 
| 286|0x0000000711e00000, 0x0000000711f00000, 0x0000000711f00000|100%| S|CS|TAMS 0x0000000711e00000, 0x0000000711e00000| Complete 
| 287|0x0000000711f00000, 0x0000000712000000, 0x0000000712000000|100%| S|CS|TAMS 0x0000000711f00000, 0x0000000711f00000| Complete 
| 288|0x0000000712000000, 0x0000000712100000, 0x0000000712100000|100%| S|CS|TAMS 0x0000000712000000, 0x0000000712000000| Complete 
| 289|0x0000000712100000, 0x0000000712200000, 0x0000000712200000|100%| S|CS|TAMS 0x0000000712100000, 0x0000000712100000| Complete 
| 290|0x0000000712200000, 0x0000000712200000, 0x0000000712300000|  0%| F|  |TAMS 0x0000000712200000, 0x0000000712200000| Untracked 
| 291|0x0000000712300000, 0x0000000712300000, 0x0000000712400000|  0%| F|  |TAMS 0x0000000712300000, 0x0000000712300000| Untracked 
| 292|0x0000000712400000, 0x0000000712400000, 0x0000000712500000|  0%| F|  |TAMS 0x0000000712400000, 0x0000000712400000| Untracked 
| 293|0x0000000712500000, 0x0000000712500000, 0x0000000712600000|  0%| F|  |TAMS 0x0000000712500000, 0x0000000712500000| Untracked 
| 294|0x0000000712600000, 0x0000000712600000, 0x0000000712700000|  0%| F|  |TAMS 0x0000000712600000, 0x0000000712600000| Untracked 
| 295|0x0000000712700000, 0x0000000712700000, 0x0000000712800000|  0%| F|  |TAMS 0x0000000712700000, 0x0000000712700000| Untracked 
| 296|0x0000000712800000, 0x0000000712800000, 0x0000000712900000|  0%| F|  |TAMS 0x0000000712800000, 0x0000000712800000| Untracked 
| 297|0x0000000712900000, 0x0000000712900000, 0x0000000712a00000|  0%| F|  |TAMS 0x0000000712900000, 0x0000000712900000| Untracked 
| 298|0x0000000712a00000, 0x0000000712a00000, 0x0000000712b00000|  0%| F|  |TAMS 0x0000000712a00000, 0x0000000712a00000| Untracked 
| 299|0x0000000712b00000, 0x0000000712b00000, 0x0000000712c00000|  0%| F|  |TAMS 0x0000000712b00000, 0x0000000712b00000| Untracked 
| 300|0x0000000712c00000, 0x0000000712c00000, 0x0000000712d00000|  0%| F|  |TAMS 0x0000000712c00000, 0x0000000712c00000| Untracked 
| 301|0x0000000712d00000, 0x0000000712d00000, 0x0000000712e00000|  0%| F|  |TAMS 0x0000000712d00000, 0x0000000712d00000| Untracked 
| 302|0x0000000712e00000, 0x0000000712e00000, 0x0000000712f00000|  0%| F|  |TAMS 0x0000000712e00000, 0x0000000712e00000| Untracked 
| 303|0x0000000712f00000, 0x0000000712f00000, 0x0000000713000000|  0%| F|  |TAMS 0x0000000712f00000, 0x0000000712f00000| Untracked 
| 304|0x0000000713000000, 0x0000000713000000, 0x0000000713100000|  0%| F|  |TAMS 0x0000000713000000, 0x0000000713000000| Untracked 
| 305|0x0000000713100000, 0x0000000713100000, 0x0000000713200000|  0%| F|  |TAMS 0x0000000713100000, 0x0000000713100000| Untracked 
| 306|0x0000000713200000, 0x0000000713200000, 0x0000000713300000|  0%| F|  |TAMS 0x0000000713200000, 0x0000000713200000| Untracked 
| 307|0x0000000713300000, 0x0000000713300000, 0x0000000713400000|  0%| F|  |TAMS 0x0000000713300000, 0x0000000713300000| Untracked 
| 308|0x0000000713400000, 0x0000000713400000, 0x0000000713500000|  0%| F|  |TAMS 0x0000000713400000, 0x0000000713400000| Untracked 
| 309|0x0000000713500000, 0x0000000713500000, 0x0000000713600000|  0%| F|  |TAMS 0x0000000713500000, 0x0000000713500000| Untracked 
| 310|0x0000000713600000, 0x0000000713600000, 0x0000000713700000|  0%| F|  |TAMS 0x0000000713600000, 0x0000000713600000| Untracked 
| 311|0x0000000713700000, 0x0000000713700000, 0x0000000713800000|  0%| F|  |TAMS 0x0000000713700000, 0x0000000713700000| Untracked 
| 312|0x0000000713800000, 0x0000000713800000, 0x0000000713900000|  0%| F|  |TAMS 0x0000000713800000, 0x0000000713800000| Untracked 
| 313|0x0000000713900000, 0x0000000713900000, 0x0000000713a00000|  0%| F|  |TAMS 0x0000000713900000, 0x0000000713900000| Untracked 
| 314|0x0000000713a00000, 0x0000000713a00000, 0x0000000713b00000|  0%| F|  |TAMS 0x0000000713a00000, 0x0000000713a00000| Untracked 
| 315|0x0000000713b00000, 0x0000000713b00000, 0x0000000713c00000|  0%| F|  |TAMS 0x0000000713b00000, 0x0000000713b00000| Untracked 
| 316|0x0000000713c00000, 0x0000000713c00000, 0x0000000713d00000|  0%| F|  |TAMS 0x0000000713c00000, 0x0000000713c00000| Untracked 
| 317|0x0000000713d00000, 0x0000000713d00000, 0x0000000713e00000|  0%| F|  |TAMS 0x0000000713d00000, 0x0000000713d00000| Untracked 
| 318|0x0000000713e00000, 0x0000000713e00000, 0x0000000713f00000|  0%| F|  |TAMS 0x0000000713e00000, 0x0000000713e00000| Untracked 
| 319|0x0000000713f00000, 0x0000000713f00000, 0x0000000714000000|  0%| F|  |TAMS 0x0000000713f00000, 0x0000000713f00000| Untracked 
| 320|0x0000000714000000, 0x0000000714000000, 0x0000000714100000|  0%| F|  |TAMS 0x0000000714000000, 0x0000000714000000| Untracked 
| 321|0x0000000714100000, 0x0000000714100000, 0x0000000714200000|  0%| F|  |TAMS 0x0000000714100000, 0x0000000714100000| Untracked 
| 322|0x0000000714200000, 0x0000000714200000, 0x0000000714300000|  0%| F|  |TAMS 0x0000000714200000, 0x0000000714200000| Untracked 
| 323|0x0000000714300000, 0x0000000714300000, 0x0000000714400000|  0%| F|  |TAMS 0x0000000714300000, 0x0000000714300000| Untracked 
| 324|0x0000000714400000, 0x0000000714400000, 0x0000000714500000|  0%| F|  |TAMS 0x0000000714400000, 0x0000000714400000| Untracked 
| 325|0x0000000714500000, 0x0000000714500000, 0x0000000714600000|  0%| F|  |TAMS 0x0000000714500000, 0x0000000714500000| Untracked 
| 326|0x0000000714600000, 0x0000000714600000, 0x0000000714700000|  0%| F|  |TAMS 0x0000000714600000, 0x0000000714600000| Untracked 
| 327|0x0000000714700000, 0x0000000714700000, 0x0000000714800000|  0%| F|  |TAMS 0x0000000714700000, 0x0000000714700000| Untracked 
| 328|0x0000000714800000, 0x0000000714800000, 0x0000000714900000|  0%| F|  |TAMS 0x0000000714800000, 0x0000000714800000| Untracked 
| 329|0x0000000714900000, 0x0000000714900000, 0x0000000714a00000|  0%| F|  |TAMS 0x0000000714900000, 0x0000000714900000| Untracked 
| 330|0x0000000714a00000, 0x0000000714a00000, 0x0000000714b00000|  0%| F|  |TAMS 0x0000000714a00000, 0x0000000714a00000| Untracked 
| 331|0x0000000714b00000, 0x0000000714b00000, 0x0000000714c00000|  0%| F|  |TAMS 0x0000000714b00000, 0x0000000714b00000| Untracked 
| 332|0x0000000714c00000, 0x0000000714c00000, 0x0000000714d00000|  0%| F|  |TAMS 0x0000000714c00000, 0x0000000714c00000| Untracked 
| 333|0x0000000714d00000, 0x0000000714d00000, 0x0000000714e00000|  0%| F|  |TAMS 0x0000000714d00000, 0x0000000714d00000| Untracked 
| 334|0x0000000714e00000, 0x0000000714e00000, 0x0000000714f00000|  0%| F|  |TAMS 0x0000000714e00000, 0x0000000714e00000| Untracked 
| 335|0x0000000714f00000, 0x0000000714f00000, 0x0000000715000000|  0%| F|  |TAMS 0x0000000714f00000, 0x0000000714f00000| Untracked 
| 336|0x0000000715000000, 0x0000000715000000, 0x0000000715100000|  0%| F|  |TAMS 0x0000000715000000, 0x0000000715000000| Untracked 
| 337|0x0000000715100000, 0x0000000715100000, 0x0000000715200000|  0%| F|  |TAMS 0x0000000715100000, 0x0000000715100000| Untracked 
| 338|0x0000000715200000, 0x0000000715200000, 0x0000000715300000|  0%| F|  |TAMS 0x0000000715200000, 0x0000000715200000| Untracked 
| 339|0x0000000715300000, 0x0000000715300000, 0x0000000715400000|  0%| F|  |TAMS 0x0000000715300000, 0x0000000715300000| Untracked 
| 340|0x0000000715400000, 0x0000000715400000, 0x0000000715500000|  0%| F|  |TAMS 0x0000000715400000, 0x0000000715400000| Untracked 
| 341|0x0000000715500000, 0x0000000715500000, 0x0000000715600000|  0%| F|  |TAMS 0x0000000715500000, 0x0000000715500000| Untracked 
| 342|0x0000000715600000, 0x0000000715600000, 0x0000000715700000|  0%| F|  |TAMS 0x0000000715600000, 0x0000000715600000| Untracked 
| 343|0x0000000715700000, 0x0000000715700000, 0x0000000715800000|  0%| F|  |TAMS 0x0000000715700000, 0x0000000715700000| Untracked 
| 344|0x0000000715800000, 0x0000000715800000, 0x0000000715900000|  0%| F|  |TAMS 0x0000000715800000, 0x0000000715800000| Untracked 
| 345|0x0000000715900000, 0x0000000715900000, 0x0000000715a00000|  0%| F|  |TAMS 0x0000000715900000, 0x0000000715900000| Untracked 
| 346|0x0000000715a00000, 0x0000000715a00000, 0x0000000715b00000|  0%| F|  |TAMS 0x0000000715a00000, 0x0000000715a00000| Untracked 
| 347|0x0000000715b00000, 0x0000000715b00000, 0x0000000715c00000|  0%| F|  |TAMS 0x0000000715b00000, 0x0000000715b00000| Untracked 
| 348|0x0000000715c00000, 0x0000000715c00000, 0x0000000715d00000|  0%| F|  |TAMS 0x0000000715c00000, 0x0000000715c00000| Untracked 
| 349|0x0000000715d00000, 0x0000000715d00000, 0x0000000715e00000|  0%| F|  |TAMS 0x0000000715d00000, 0x0000000715d00000| Untracked 
| 350|0x0000000715e00000, 0x0000000715e00000, 0x0000000715f00000|  0%| F|  |TAMS 0x0000000715e00000, 0x0000000715e00000| Untracked 
| 351|0x0000000715f00000, 0x0000000715f00000, 0x0000000716000000|  0%| F|  |TAMS 0x0000000715f00000, 0x0000000715f00000| Untracked 
| 352|0x0000000716000000, 0x0000000716000000, 0x0000000716100000|  0%| F|  |TAMS 0x0000000716000000, 0x0000000716000000| Untracked 
| 353|0x0000000716100000, 0x0000000716100000, 0x0000000716200000|  0%| F|  |TAMS 0x0000000716100000, 0x0000000716100000| Untracked 
| 354|0x0000000716200000, 0x0000000716200000, 0x0000000716300000|  0%| F|  |TAMS 0x0000000716200000, 0x0000000716200000| Untracked 
| 355|0x0000000716300000, 0x0000000716300000, 0x0000000716400000|  0%| F|  |TAMS 0x0000000716300000, 0x0000000716300000| Untracked 
| 356|0x0000000716400000, 0x0000000716400000, 0x0000000716500000|  0%| F|  |TAMS 0x0000000716400000, 0x0000000716400000| Untracked 
| 357|0x0000000716500000, 0x0000000716500000, 0x0000000716600000|  0%| F|  |TAMS 0x0000000716500000, 0x0000000716500000| Untracked 
| 358|0x0000000716600000, 0x0000000716600000, 0x0000000716700000|  0%| F|  |TAMS 0x0000000716600000, 0x0000000716600000| Untracked 
| 359|0x0000000716700000, 0x0000000716700000, 0x0000000716800000|  0%| F|  |TAMS 0x0000000716700000, 0x0000000716700000| Untracked 
| 360|0x0000000716800000, 0x0000000716800000, 0x0000000716900000|  0%| F|  |TAMS 0x0000000716800000, 0x0000000716800000| Untracked 
| 361|0x0000000716900000, 0x0000000716900000, 0x0000000716a00000|  0%| F|  |TAMS 0x0000000716900000, 0x0000000716900000| Untracked 
| 362|0x0000000716a00000, 0x0000000716a00000, 0x0000000716b00000|  0%| F|  |TAMS 0x0000000716a00000, 0x0000000716a00000| Untracked 
| 363|0x0000000716b00000, 0x0000000716b00000, 0x0000000716c00000|  0%| F|  |TAMS 0x0000000716b00000, 0x0000000716b00000| Untracked 
| 364|0x0000000716c00000, 0x0000000716c00000, 0x0000000716d00000|  0%| F|  |TAMS 0x0000000716c00000, 0x0000000716c00000| Untracked 
| 365|0x0000000716d00000, 0x0000000716d00000, 0x0000000716e00000|  0%| F|  |TAMS 0x0000000716d00000, 0x0000000716d00000| Untracked 
| 366|0x0000000716e00000, 0x0000000716e00000, 0x0000000716f00000|  0%| F|  |TAMS 0x0000000716e00000, 0x0000000716e00000| Untracked 
| 367|0x0000000716f00000, 0x0000000716f00000, 0x0000000717000000|  0%| F|  |TAMS 0x0000000716f00000, 0x0000000716f00000| Untracked 
| 368|0x0000000717000000, 0x0000000717000000, 0x0000000717100000|  0%| F|  |TAMS 0x0000000717000000, 0x0000000717000000| Untracked 
| 369|0x0000000717100000, 0x00000007171fa100, 0x0000000717200000| 97%| E|  |TAMS 0x0000000717100000, 0x0000000717100000| Complete 

Card table byte_map: [0x00000219fafd0000,0x00000219fb7d0000] _byte_map_base: 0x00000219f77d0000

Marking Bits (Prev, Next): (CMBitMap*) 0x0000021984122190, (CMBitMap*) 0x0000021984122158
 Prev Bits: [0x0000021980000000, 0x0000021984000000)
 Next Bits: [0x00000219fbfd0000, 0x00000219fffd0000)

Polling page: 0x00000219e5260000

Metaspace:

Usage:
  Non-class:     83.15 MB capacity,    79.69 MB ( 96%) used,     3.15 MB (  4%) free+waste,   319.69 KB ( <1%) overhead. 
      Class:     13.65 MB capacity,    11.71 MB ( 86%) used,     1.79 MB ( 13%) free+waste,   152.00 KB (  1%) overhead. 
       Both:     96.80 MB capacity,    91.40 MB ( 94%) used,     4.94 MB (  5%) free+waste,   471.69 KB ( <1%) overhead. 

Virtual space:
  Non-class space:       84.00 MB reserved,      83.20 MB (>99%) committed 
      Class space:        1.00 GB reserved,      13.75 MB (  1%) committed 
             Both:        1.08 GB reserved,      96.95 MB (  9%) committed 

Chunk freelists:
   Non-Class:  53.00 KB
       Class:  8.00 KB
        Both:  61.00 KB

MaxMetaspaceSize: 17179869184.00 GB
CompressedClassSpaceSize: 1.00 GB

CodeHeap 'non-profiled nmethods': size=120000Kb used=12546Kb max_used=12546Kb free=107453Kb
 bounds [0x00000219f2f70000, 0x00000219f3bc0000, 0x00000219fa4a0000]
CodeHeap 'profiled nmethods': size=120000Kb used=33409Kb max_used=34980Kb free=86590Kb
 bounds [0x00000219eba40000, 0x00000219edc70000, 0x00000219f2f70000]
CodeHeap 'non-nmethods': size=5760Kb used=2287Kb max_used=2366Kb free=3472Kb
 bounds [0x00000219eb4a0000, 0x00000219eb710000, 0x00000219eba40000]
 total_blobs=16155 nmethods=15287 adapters=778
 compilation: enabled
              stopped_count=0, restarted_count=0
 full_count=0

Compilation events (20 events):
Event: 373.162 Thread 0x0000021987505800 nmethod 16174 0x00000219ebb4c310 code [0x00000219ebb4c520, 0x00000219ebb4ca78]
Event: 377.864 Thread 0x0000021987502000 16175   !   4       java.util.stream.ReferencePipeline$7$1::accept (127 bytes)
Event: 377.892 Thread 0x0000021987502000 nmethod 16175 0x00000219f3271210 code [0x00000219f3271440, 0x00000219f3272038]
Event: 377.892 Thread 0x0000021987502000 16176       4       java.util.stream.AbstractPipeline::close (48 bytes)
Event: 377.894 Thread 0x0000021987502000 nmethod 16176 0x00000219f3241990 code [0x00000219f3241b20, 0x00000219f3241c58]
Event: 378.864 Thread 0x0000021987502000 16177       4       sun.management.spi.PlatformMBeanProvider$PlatformComponent::getMBeans (87 bytes)
Event: 378.969 Thread 0x0000021987502000 nmethod 16177 0x00000219f3ba9f90 code [0x00000219f3baa300, 0x00000219f3bac5b0]
Event: 383.149 Thread 0x0000021987505800 16178       3       com.google.common.base.Joiner::appendTo (73 bytes)
Event: 383.150 Thread 0x0000021987505800 nmethod 16178 0x00000219ebb51890 code [0x00000219ebb51b00, 0x00000219ebb52578]
Event: 384.888 Thread 0x0000021987505800 16179       3       java.util.concurrent.LinkedBlockingDeque::unlinkFirst (74 bytes)
Event: 384.889 Thread 0x0000021987505800 nmethod 16179 0x00000219ebb50e10 code [0x00000219ebb51020, 0x00000219ebb51648]
Event: 393.116 Thread 0x0000021987505800 16180       3       com.google.common.base.Joiner::join (11 bytes)
Event: 393.117 Thread 0x0000021987505800 nmethod 16180 0x00000219ebb50410 code [0x00000219ebb50620, 0x00000219ebb50bc8]
Event: 393.117 Thread 0x0000021987505800 16181       3       com.google.common.base.Joiner::join (16 bytes)
Event: 393.117 Thread 0x0000021987505800 nmethod 16181 0x00000219ebb56d10 code [0x00000219ebb56f60, 0x00000219ebb577e8]
Event: 395.757 Thread 0x0000021987502000 16182       4       java.io.FilterOutputStream::write (9 bytes)
Event: 395.828 Thread 0x0000021987502000 nmethod 16182 0x00000219f3bad710 code [0x00000219f3badac0, 0x00000219f3bb0ce8]
Event: 395.828 Thread 0x0000021987502000 16183   !   4       java.io.PrintStream::write (66 bytes)
Event: 395.847 Thread 0x0000021987502000 nmethod 16183 0x00000219f3bb2290 code [0x00000219f3bb2500, 0x00000219f3bb3790]
Event: 395.848 Thread 0x0000021987502000 16184       4       org.gradle.internal.io.LinePerThreadBufferingOutputStream::write (9 bytes)

GC Heap History (20 events):
Event: 146.582 GC heap before
{Heap before GC invocations=41 (full 0):
 garbage-first heap   total 315392K, used 258867K [0x0000000700000000, 0x0000000800000000)
  region size 1024K, 59 young (60416K), 5 survivors (5120K)
 Metaspace       used 93413K, capacity 98925K, committed 99276K, reserved 1134592K
  class space    used 11977K, capacity 13976K, committed 14080K, reserved 1048576K
}
Event: 146.588 GC heap after
{Heap after GC invocations=42 (full 0):
 garbage-first heap   total 315392K, used 206131K [0x0000000700000000, 0x0000000800000000)
  region size 1024K, 5 young (5120K), 5 survivors (5120K)
 Metaspace       used 93413K, capacity 98925K, committed 99276K, reserved 1134592K
  class space    used 11977K, capacity 13976K, committed 14080K, reserved 1048576K
}
Event: 146.900 GC heap before
{Heap before GC invocations=42 (full 0):
 garbage-first heap   total 315392K, used 261427K [0x0000000700000000, 0x0000000800000000)
  region size 1024K, 59 young (60416K), 5 survivors (5120K)
 Metaspace       used 93413K, capacity 98925K, committed 99276K, reserved 1134592K
  class space    used 11977K, capacity 13976K, committed 14080K, reserved 1048576K
}
Event: 146.906 GC heap after
{Heap after GC invocations=43 (full 0):
 garbage-first heap   total 315392K, used 208846K [0x0000000700000000, 0x0000000800000000)
  region size 1024K, 5 young (5120K), 5 survivors (5120K)
 Metaspace       used 93413K, capacity 98925K, committed 99276K, reserved 1134592K
  class space    used 11977K, capacity 13976K, committed 14080K, reserved 1048576K
}
Event: 147.248 GC heap before
{Heap before GC invocations=43 (full 0):
 garbage-first heap   total 315392K, used 263118K [0x0000000700000000, 0x0000000800000000)
  region size 1024K, 58 young (59392K), 5 survivors (5120K)
 Metaspace       used 93413K, capacity 98925K, committed 99276K, reserved 1134592K
  class space    used 11977K, capacity 13976K, committed 14080K, reserved 1048576K
}
Event: 147.255 GC heap after
{Heap after GC invocations=44 (full 0):
 garbage-first heap   total 315392K, used 211275K [0x0000000700000000, 0x0000000800000000)
  region size 1024K, 5 young (5120K), 5 survivors (5120K)
 Metaspace       used 93413K, capacity 98925K, committed 99276K, reserved 1134592K
  class space    used 11977K, capacity 13976K, committed 14080K, reserved 1048576K
}
Event: 147.652 GC heap before
{Heap before GC invocations=44 (full 0):
 garbage-first heap   total 315392K, used 265547K [0x0000000700000000, 0x0000000800000000)
  region size 1024K, 58 young (59392K), 5 survivors (5120K)
 Metaspace       used 93413K, capacity 98925K, committed 99276K, reserved 1134592K
  class space    used 11977K, capacity 13976K, committed 14080K, reserved 1048576K
}
Event: 147.657 GC heap after
{Heap after GC invocations=45 (full 0):
 garbage-first heap   total 315392K, used 213702K [0x0000000700000000, 0x0000000800000000)
  region size 1024K, 5 young (5120K), 5 survivors (5120K)
 Metaspace       used 93413K, capacity 98925K, committed 99276K, reserved 1134592K
  class space    used 11977K, capacity 13976K, committed 14080K, reserved 1048576K
}
Event: 148.295 GC heap before
{Heap before GC invocations=45 (full 0):
 garbage-first heap   total 315392K, used 266950K [0x0000000700000000, 0x0000000800000000)
  region size 1024K, 58 young (59392K), 5 survivors (5120K)
 Metaspace       used 93413K, capacity 98925K, committed 99276K, reserved 1134592K
  class space    used 11977K, capacity 13976K, committed 14080K, reserved 1048576K
}
Event: 148.302 GC heap after
{Heap after GC invocations=46 (full 0):
 garbage-first heap   total 315392K, used 217159K [0x0000000700000000, 0x0000000800000000)
  region size 1024K, 6 young (6144K), 6 survivors (6144K)
 Metaspace       used 93413K, capacity 98925K, committed 99276K, reserved 1134592K
  class space    used 11977K, capacity 13976K, committed 14080K, reserved 1048576K
}
Event: 148.619 GC heap before
{Heap before GC invocations=46 (full 0):
 garbage-first heap   total 315392K, used 268359K [0x0000000700000000, 0x0000000800000000)
  region size 1024K, 56 young (57344K), 6 survivors (6144K)
 Metaspace       used 93413K, capacity 98925K, committed 99276K, reserved 1134592K
  class space    used 11977K, capacity 13976K, committed 14080K, reserved 1048576K
}
Event: 148.627 GC heap after
{Heap after GC invocations=47 (full 0):
 garbage-first heap   total 315392K, used 219562K [0x0000000700000000, 0x0000000800000000)
  region size 1024K, 5 young (5120K), 5 survivors (5120K)
 Metaspace       used 93413K, capacity 98925K, committed 99276K, reserved 1134592K
  class space    used 11977K, capacity 13976K, committed 14080K, reserved 1048576K
}
Event: 148.953 GC heap before
{Heap before GC invocations=47 (full 0):
 garbage-first heap   total 315392K, used 269738K [0x0000000700000000, 0x0000000800000000)
  region size 1024K, 54 young (55296K), 5 survivors (5120K)
 Metaspace       used 93413K, capacity 98925K, committed 99276K, reserved 1134592K
  class space    used 11977K, capacity 13976K, committed 14080K, reserved 1048576K
}
Event: 148.961 GC heap after
{Heap after GC invocations=48 (full 0):
 garbage-first heap   total 378880K, used 221878K [0x0000000700000000, 0x0000000800000000)
  region size 1024K, 5 young (5120K), 5 survivors (5120K)
 Metaspace       used 93413K, capacity 98925K, committed 99276K, reserved 1134592K
  class space    used 11977K, capacity 13976K, committed 14080K, reserved 1048576K
}
Event: 149.573 GC heap before
{Heap before GC invocations=48 (full 0):
 garbage-first heap   total 378880K, used 302774K [0x0000000700000000, 0x0000000800000000)
  region size 1024K, 84 young (86016K), 5 survivors (5120K)
 Metaspace       used 93413K, capacity 98925K, committed 99276K, reserved 1134592K
  class space    used 11977K, capacity 13976K, committed 14080K, reserved 1048576K
}
Event: 149.579 GC heap after
{Heap after GC invocations=49 (full 0):
 garbage-first heap   total 378880K, used 225247K [0x0000000700000000, 0x0000000800000000)
  region size 1024K, 8 young (8192K), 8 survivors (8192K)
 Metaspace       used 93413K, capacity 98925K, committed 99276K, reserved 1134592K
  class space    used 11977K, capacity 13976K, committed 14080K, reserved 1048576K
}
Event: 150.374 GC heap before
{Heap before GC invocations=49 (full 0):
 garbage-first heap   total 378880K, used 307167K [0x0000000700000000, 0x0000000800000000)
  region size 1024K, 88 young (90112K), 8 survivors (8192K)
 Metaspace       used 93413K, capacity 98925K, committed 99276K, reserved 1134592K
  class space    used 11977K, capacity 13976K, committed 14080K, reserved 1048576K
}
Event: 150.383 GC heap after
{Heap after GC invocations=50 (full 0):
 garbage-first heap   total 378880K, used 229254K [0x0000000700000000, 0x0000000800000000)
  region size 1024K, 10 young (10240K), 10 survivors (10240K)
 Metaspace       used 93413K, capacity 98925K, committed 99276K, reserved 1134592K
  class space    used 11977K, capacity 13976K, committed 14080K, reserved 1048576K
}
Event: 364.553 GC heap before
{Heap before GC invocations=50 (full 0):
 garbage-first heap   total 378880K, used 312198K [0x0000000700000000, 0x0000000800000000)
  region size 1024K, 90 young (92160K), 10 survivors (10240K)
 Metaspace       used 93587K, capacity 99119K, committed 99276K, reserved 1134592K
  class space    used 11995K, capacity 13976K, committed 14080K, reserved 1048576K
}
Event: 364.572 GC heap after
{Heap after GC invocations=51 (full 0):
 garbage-first heap   total 378880K, used 238430K [0x0000000700000000, 0x0000000800000000)
  region size 1024K, 12 young (12288K), 12 survivors (12288K)
 Metaspace       used 93587K, capacity 99119K, committed 99276K, reserved 1134592K
  class space    used 11995K, capacity 13976K, committed 14080K, reserved 1048576K
}

Deoptimization events (20 events):
Event: 194.193 Thread 0x000002198d0fd800 DEOPT UNPACKING pc=0x00000219eb4c7b2f sp=0x0000003fe4dfed30 mode 2
Event: 194.194 Thread 0x0000021989f23000 Uncommon trap: reason=unstable_if action=reinterpret pc=0x00000219f371f73c method=java.util.concurrent.SynchronousQueue$TransferStack.awaitFulfill(Ljava/util/concurrent/SynchronousQueue$TransferStack$SNode;ZJ)Ljava/util/concurrent/SynchronousQueue$Transfe
Event: 194.194 Thread 0x0000021989f23000 DEOPT PACKING pc=0x00000219f371f73c sp=0x0000003fde3fea20
Event: 194.194 Thread 0x0000021989f27000 Uncommon trap: trap_request=0xffffff4d fr.pc=0x00000219f371f73c relative=0x00000000000008bc
Event: 194.194 Thread 0x0000021989f23000 DEOPT UNPACKING pc=0x00000219eb4c7b2f sp=0x0000003fde3fe9c0 mode 2
Event: 194.194 Thread 0x0000021989f27000 Uncommon trap: reason=unstable_if action=reinterpret pc=0x00000219f371f73c method=java.util.concurrent.SynchronousQueue$TransferStack.awaitFulfill(Ljava/util/concurrent/SynchronousQueue$TransferStack$SNode;ZJ)Ljava/util/concurrent/SynchronousQueue$Transfe
Event: 194.194 Thread 0x0000021989f19800 Uncommon trap: trap_request=0xffffff4d fr.pc=0x00000219f371f73c relative=0x00000000000008bc
Event: 194.194 Thread 0x0000021989f27000 DEOPT PACKING pc=0x00000219f371f73c sp=0x0000003fde4fea10
Event: 194.194 Thread 0x0000021989f19800 Uncommon trap: reason=unstable_if action=reinterpret pc=0x00000219f371f73c method=java.util.concurrent.SynchronousQueue$TransferStack.awaitFulfill(Ljava/util/concurrent/SynchronousQueue$TransferStack$SNode;ZJ)Ljava/util/concurrent/SynchronousQueue$Transfe
Event: 194.194 Thread 0x0000021989f19800 DEOPT PACKING pc=0x00000219f371f73c sp=0x0000003fdddfee30
Event: 194.194 Thread 0x0000021989f27000 DEOPT UNPACKING pc=0x00000219eb4c7b2f sp=0x0000003fde4fe9b0 mode 2
Event: 194.194 Thread 0x0000021989f19800 DEOPT UNPACKING pc=0x00000219eb4c7b2f sp=0x0000003fdddfedd0 mode 2
Event: 194.194 Thread 0x0000021989f1a000 Uncommon trap: trap_request=0xffffff4d fr.pc=0x00000219f371f73c relative=0x00000000000008bc
Event: 194.194 Thread 0x0000021989f1a000 Uncommon trap: reason=unstable_if action=reinterpret pc=0x00000219f371f73c method=java.util.concurrent.SynchronousQueue$TransferStack.awaitFulfill(Ljava/util/concurrent/SynchronousQueue$TransferStack$SNode;ZJ)Ljava/util/concurrent/SynchronousQueue$Transfe
Event: 194.194 Thread 0x0000021989f1a000 DEOPT PACKING pc=0x00000219f371f73c sp=0x0000003fde1ff240
Event: 194.194 Thread 0x0000021989f1a000 DEOPT UNPACKING pc=0x00000219eb4c7b2f sp=0x0000003fde1ff1e0 mode 2
Event: 395.757 Thread 0x000002198951f800 Uncommon trap: trap_request=0xfffffff4 fr.pc=0x00000219f3b97738 relative=0x0000000000001118
Event: 395.757 Thread 0x000002198951f800 Uncommon trap: reason=null_check action=make_not_entrant pc=0x00000219f3b97738 method=org.gradle.internal.io.LinePerThreadBufferingOutputStream.getStream()Ljava/io/PrintStream; @ 7 c2
Event: 395.757 Thread 0x000002198951f800 DEOPT PACKING pc=0x00000219f3b97738 sp=0x0000003fdd5fe900
Event: 395.757 Thread 0x000002198951f800 DEOPT UNPACKING pc=0x00000219eb4c7b2f sp=0x0000003fdd5fe840 mode 2

Classes redefined (0 events):
No events

Internal exceptions (20 events):
Event: 143.679 Thread 0x0000021993324800 Exception <a 'sun/nio/fs/WindowsException'{0x000000070f78e450}> (0x000000070f78e450) thrown at [./src/hotspot/share/prims/jni.cpp, line 615]
Event: 143.693 Thread 0x000002199331f800 Exception <a 'sun/nio/fs/WindowsException'{0x000000070f7beb78}> (0x000000070f7beb78) thrown at [./src/hotspot/share/prims/jni.cpp, line 615]
Event: 143.693 Thread 0x000002199331f800 Exception <a 'sun/nio/fs/WindowsException'{0x000000070f7bf790}> (0x000000070f7bf790) thrown at [./src/hotspot/share/prims/jni.cpp, line 615]
Event: 143.710 Thread 0x0000021993324800 Exception <a 'sun/nio/fs/WindowsException'{0x000000070f7f1f08}> (0x000000070f7f1f08) thrown at [./src/hotspot/share/prims/jni.cpp, line 615]
Event: 143.710 Thread 0x0000021993324800 Exception <a 'sun/nio/fs/WindowsException'{0x000000070f7f2b58}> (0x000000070f7f2b58) thrown at [./src/hotspot/share/prims/jni.cpp, line 615]
Event: 143.737 Thread 0x000002199331f800 Exception <a 'sun/nio/fs/WindowsException'{0x000000070f628b48}> (0x000000070f628b48) thrown at [./src/hotspot/share/prims/jni.cpp, line 615]
Event: 143.737 Thread 0x000002199331f800 Exception <a 'sun/nio/fs/WindowsException'{0x000000070f629770}> (0x000000070f629770) thrown at [./src/hotspot/share/prims/jni.cpp, line 615]
Event: 143.762 Thread 0x0000021993324800 Exception <a 'sun/nio/fs/WindowsException'{0x000000070f659ad8}> (0x000000070f659ad8) thrown at [./src/hotspot/share/prims/jni.cpp, line 615]
Event: 143.762 Thread 0x0000021993324800 Exception <a 'sun/nio/fs/WindowsException'{0x000000070f65a700}> (0x000000070f65a700) thrown at [./src/hotspot/share/prims/jni.cpp, line 615]
Event: 143.784 Thread 0x000002199331f800 Exception <a 'sun/nio/fs/WindowsException'{0x000000070f689f30}> (0x000000070f689f30) thrown at [./src/hotspot/share/prims/jni.cpp, line 615]
Event: 143.784 Thread 0x000002199331f800 Exception <a 'sun/nio/fs/WindowsException'{0x000000070f68ab48}> (0x000000070f68ab48) thrown at [./src/hotspot/share/prims/jni.cpp, line 615]
Event: 143.803 Thread 0x0000021993324800 Exception <a 'sun/nio/fs/WindowsException'{0x000000070f6c7be0}> (0x000000070f6c7be0) thrown at [./src/hotspot/share/prims/jni.cpp, line 615]
Event: 143.804 Thread 0x0000021993324800 Exception <a 'sun/nio/fs/WindowsException'{0x000000070f6c87f8}> (0x000000070f6c87f8) thrown at [./src/hotspot/share/prims/jni.cpp, line 615]
Event: 143.824 Thread 0x000002199331f800 Exception <a 'sun/nio/fs/WindowsException'{0x000000070f6fbc18}> (0x000000070f6fbc18) thrown at [./src/hotspot/share/prims/jni.cpp, line 615]
Event: 143.824 Thread 0x000002199331f800 Exception <a 'sun/nio/fs/WindowsException'{0x000000070f6fc828}> (0x000000070f6fc828) thrown at [./src/hotspot/share/prims/jni.cpp, line 615]
Event: 143.929 Thread 0x0000021993322000 Exception <a 'sun/nio/fs/WindowsException'{0x000000070f546190}> (0x000000070f546190) thrown at [./src/hotspot/share/prims/jni.cpp, line 615]
Event: 143.929 Thread 0x0000021993322000 Exception <a 'sun/nio/fs/WindowsException'{0x000000070f546db0}> (0x000000070f546db0) thrown at [./src/hotspot/share/prims/jni.cpp, line 615]
Event: 143.950 Thread 0x000002199331f800 Exception <a 'sun/nio/fs/WindowsException'{0x000000070f575e38}> (0x000000070f575e38) thrown at [./src/hotspot/share/prims/jni.cpp, line 615]
Event: 143.950 Thread 0x000002199331f800 Exception <a 'sun/nio/fs/WindowsException'{0x000000070f576a50}> (0x000000070f576a50) thrown at [./src/hotspot/share/prims/jni.cpp, line 615]
Event: 395.757 Thread 0x000002198951f800 Implicit null exception at 0x00000219f3b96688 to 0x00000219f3b97728

Events (20 events):
Event: 194.192 Thread 0x000002198c735800 Thread exited: 0x000002198c735800
Event: 194.193 Thread 0x0000021989f24000 Thread exited: 0x0000021989f24000
Event: 194.193 Thread 0x000002198d100800 Thread exited: 0x000002198d100800
Event: 194.193 Thread 0x000002198a6b9000 Thread exited: 0x000002198a6b9000
Event: 194.193 Thread 0x0000021989f26800 Thread exited: 0x0000021989f26800
Event: 194.193 Thread 0x000002198d0fd800 Thread exited: 0x000002198d0fd800
Event: 194.193 Thread 0x000002198c74a800 Thread exited: 0x000002198c74a800
Event: 194.194 Thread 0x0000021989f22000 Thread exited: 0x0000021989f22000
Event: 194.194 Thread 0x0000021989f23000 Thread exited: 0x0000021989f23000
Event: 194.194 Thread 0x0000021989f27000 Thread exited: 0x0000021989f27000
Event: 194.194 Thread 0x0000021989f19800 Thread exited: 0x0000021989f19800
Event: 194.194 Thread 0x0000021989f1a000 Thread exited: 0x0000021989f1a000
Event: 334.581 Thread 0x0000021987dbd800 Thread added: 0x0000021987dbd800
Event: 339.608 Thread 0x0000021987dbd800 Thread exited: 0x0000021987dbd800
Event: 364.552 Thread 0x0000021987dbd800 Thread added: 0x0000021987dbd800
Event: 364.553 Executing VM operation: G1CollectForAllocation
Event: 364.572 Executing VM operation: G1CollectForAllocation done
Event: 364.577 Thread 0x000002198957e800 Thread added: 0x000002198957e800
Event: 366.898 Thread 0x000002198957e800 Thread exited: 0x000002198957e800
Event: 371.905 Thread 0x0000021987dbd800 Thread exited: 0x0000021987dbd800


Dynamic libraries:
0x00007ff6594c0000 - 0x00007ff6594ca000 	C:\Program Files\Android\Android Studio1\jre\bin\java.exe
0x00007fff36d10000 - 0x00007fff36f05000 	C:\Windows\SYSTEM32\ntdll.dll
0x00007fff36320000 - 0x00007fff363de000 	C:\Windows\System32\KERNEL32.DLL
0x00007fff349c0000 - 0x00007fff34c88000 	C:\Windows\System32\KERNELBASE.dll
0x00007fff348c0000 - 0x00007fff349c0000 	C:\Windows\System32\ucrtbase.dll
0x00007fff32070000 - 0x00007fff32087000 	C:\Program Files\Android\Android Studio1\jre\bin\VCRUNTIME140.dll
0x00007fff32050000 - 0x00007fff32069000 	C:\Program Files\Android\Android Studio1\jre\bin\jli.dll
0x00007fff35e30000 - 0x00007fff35fd1000 	C:\Windows\System32\USER32.dll
0x00007fff34830000 - 0x00007fff34852000 	C:\Windows\System32\win32u.dll
0x00007fff36af0000 - 0x00007fff36b1b000 	C:\Windows\System32\GDI32.dll
0x00007fff34510000 - 0x00007fff3461d000 	C:\Windows\System32\gdi32full.dll
0x00007fff34420000 - 0x00007fff344bd000 	C:\Windows\System32\msvcp_win.dll
0x00007fff1fcd0000 - 0x00007fff1ff6a000 	C:\Windows\WinSxS\amd64_microsoft.windows.common-controls_6595b64144ccf1df_6.0.19041.1110_none_60b5254171f9507e\COMCTL32.dll
0x00007fff36b50000 - 0x00007fff36bee000 	C:\Windows\System32\msvcrt.dll
0x00007fff36b20000 - 0x00007fff36b50000 	C:\Windows\System32\IMM32.DLL
0x00007fff24ff0000 - 0x00007fff251f2000 	C:\Windows\system32\tmumh\20019\AddOn\8.53.0.1118\TmUmEvt64.dll
0x00007fff362b0000 - 0x00007fff362b8000 	C:\Windows\System32\PSAPI.DLL
0x00007fff36560000 - 0x00007fff3660c000 	C:\Windows\System32\ADVAPI32.dll
0x00007fff36140000 - 0x00007fff361db000 	C:\Windows\System32\sechost.dll
0x00007fff36610000 - 0x00007fff3673a000 	C:\Windows\System32\RPCRT4.dll
0x00000000653f0000 - 0x000000006555f000 	C:\Windows\system32\tmumh\20019\TmMon\2.8.0.1051\tmmon64.dll
0x00007fff2e1b0000 - 0x00007fff2e24d000 	C:\Program Files\Android\Android Studio1\jre\bin\msvcp140.dll
0x00007ffebbb20000 - 0x00007ffebc5ef000 	C:\Program Files\Android\Android Studio1\jre\bin\server\jvm.dll
0x00007fff1fa30000 - 0x00007fff1fa39000 	C:\Windows\SYSTEM32\WSOCK32.dll
0x00007fff35dc0000 - 0x00007fff35e2b000 	C:\Windows\System32\WS2_32.dll
0x00007fff1e2a0000 - 0x00007fff1e2c7000 	C:\Windows\SYSTEM32\WINMM.dll
0x00007fff2e400000 - 0x00007fff2e40a000 	C:\Windows\SYSTEM32\VERSION.dll
0x00007fff323a0000 - 0x00007fff323b2000 	C:\Windows\SYSTEM32\kernel.appcore.dll
0x00007fff2f010000 - 0x00007fff2f021000 	C:\Program Files\Android\Android Studio1\jre\bin\verify.dll
0x00007fff31a60000 - 0x00007fff31c44000 	C:\Windows\SYSTEM32\DBGHELP.DLL
0x00007fff24300000 - 0x00007fff2432c000 	C:\Windows\SYSTEM32\dbgcore.DLL
0x00007fff34cc0000 - 0x00007fff34d42000 	C:\Windows\System32\bcryptPrimitives.dll
0x00007fff2d9a0000 - 0x00007fff2d9c9000 	C:\Program Files\Android\Android Studio1\jre\bin\java.dll
0x00007fff31fb0000 - 0x00007fff31fbb000 	C:\Program Files\Android\Android Studio1\jre\bin\jimage.dll
0x00007fff2e880000 - 0x00007fff2e898000 	C:\Program Files\Android\Android Studio1\jre\bin\zip.dll
0x00007fff350b0000 - 0x00007fff357f4000 	C:\Windows\System32\SHELL32.dll
0x00007fff32510000 - 0x00007fff32ca4000 	C:\Windows\SYSTEM32\windows.storage.dll
0x00007fff34d50000 - 0x00007fff350a5000 	C:\Windows\System32\combase.dll
0x00007fff33da0000 - 0x00007fff33dce000 	C:\Windows\SYSTEM32\Wldp.dll
0x00007fff35d10000 - 0x00007fff35dbd000 	C:\Windows\System32\SHCORE.dll
0x00007fff362c0000 - 0x00007fff36315000 	C:\Windows\System32\shlwapi.dll
0x00007fff34360000 - 0x00007fff3437f000 	C:\Windows\SYSTEM32\profapi.dll
0x00007fff2c9a0000 - 0x00007fff2c9ba000 	C:\Program Files\Android\Android Studio1\jre\bin\net.dll
0x00007fff2ba30000 - 0x00007fff2bb3c000 	C:\Windows\SYSTEM32\WINHTTP.dll
0x00007fff33b00000 - 0x00007fff33b6a000 	C:\Windows\system32\mswsock.dll
0x00007fff1dd00000 - 0x00007fff1dd14000 	C:\Program Files\Android\Android Studio1\jre\bin\nio.dll
0x00007fff10300000 - 0x00007fff10326000 	C:\Users\Kirshan lal\.gradle\native\fdc75f09e3144964f2cf3f50f0aa648679c211496f362492102eb8c894070792\windows-amd64\native-platform.dll
0x00007ffee0400000 - 0x00007ffee0591000 	C:\Users\Kirshan lal\.gradle\native\12488b8bf47d2d4c9fbf2f6322a914ad602e24e48041cd04a747c6da556b65c4\windows-amd64\native-platform-file-events.dll
0x00007fff2f770000 - 0x00007fff2f77a000 	C:\Program Files\Android\Android Studio1\jre\bin\management.dll
0x00007fff2f040000 - 0x00007fff2f04c000 	C:\Program Files\Android\Android Studio1\jre\bin\management_ext.dll
0x00007fff33cf0000 - 0x00007fff33d08000 	C:\Windows\SYSTEM32\CRYPTSP.dll
0x00007fff33480000 - 0x00007fff334b4000 	C:\Windows\system32\rsaenh.dll
0x00007fff34c90000 - 0x00007fff34cb7000 	C:\Windows\System32\bcrypt.dll
0x00007fff34320000 - 0x00007fff3434e000 	C:\Windows\SYSTEM32\USERENV.dll
0x00007fff33d10000 - 0x00007fff33d1c000 	C:\Windows\SYSTEM32\CRYPTBASE.dll
0x00007fff337f0000 - 0x00007fff3382b000 	C:\Windows\SYSTEM32\IPHLPAPI.DLL
0x00007fff35fe0000 - 0x00007fff35fe8000 	C:\Windows\System32\NSI.dll
0x00007fff2d130000 - 0x00007fff2d147000 	C:\Windows\SYSTEM32\dhcpcsvc6.DLL
0x00007fff2d020000 - 0x00007fff2d03d000 	C:\Windows\SYSTEM32\dhcpcsvc.DLL
0x00007fff33830000 - 0x00007fff338fb000 	C:\Windows\SYSTEM32\DNSAPI.dll
0x00007fff2d1b0000 - 0x00007fff2d1bb000 	C:\Windows\SYSTEM32\WINNSI.DLL

dbghelp: loaded successfully - version: 4.0.5 - missing functions: none
symbol engine: initialized successfully - sym options: 0x614 - pdb path: .;C:\Program Files\Android\Android Studio1\jre\bin;C:\Windows\SYSTEM32;C:\Windows\WinSxS\amd64_microsoft.windows.common-controls_6595b64144ccf1df_6.0.19041.1110_none_60b5254171f9507e;C:\Windows\system32\tmumh\20019\AddOn\8.53.0.1118;C:\Windows\system32\tmumh\20019\TmMon\2.8.0.1051;C:\Program Files\Android\Android Studio1\jre\bin\server;C:\Users\Kirshan lal\.gradle\native\fdc75f09e3144964f2cf3f50f0aa648679c211496f362492102eb8c894070792\windows-amd64;C:\Users\Kirshan lal\.gradle\native\12488b8bf47d2d4c9fbf2f6322a914ad602e24e48041cd04a747c6da556b65c4\windows-amd64

VM Arguments:
jvm_args: --add-opens=java.base/java.util=ALL-UNNAMED --add-opens=java.base/java.lang=ALL-UNNAMED --add-opens=java.base/java.lang.invoke=ALL-UNNAMED --add-opens=java.prefs/java.util.prefs=ALL-UNNAMED -Xmx4096m -Dfile.encoding=windows-1252 -Duser.country=US -Duser.language=en -Duser.variant 
java_command: org.gradle.launcher.daemon.bootstrap.GradleDaemon 6.7
java_class_path (initial): C:\Users\Kirshan lal\.gradle\wrapper\dists\gradle-6.7-all\cuy9mc7upwgwgeb72wkcrupxe\gradle-6.7\lib\gradle-launcher-6.7.jar
Launcher Type: SUN_STANDARD

[Global flags]
     intx CICompilerCount                          = 4                                         {product} {ergonomic}
     uint ConcGCThreads                            = 2                                         {product} {ergonomic}
     uint G1ConcRefinementThreads                  = 8                                         {product} {ergonomic}
   size_t G1HeapRegionSize                         = 1048576                                   {product} {ergonomic}
    uintx GCDrainStackTargetSize                   = 64                                        {product} {ergonomic}
   size_t InitialHeapSize                          = 268435456                                 {product} {ergonomic}
   size_t MarkStackSize                            = 4194304                                   {product} {ergonomic}
   size_t MaxHeapSize                              = 4294967296                                {product} {command line}
   size_t MaxNewSize                               = 2576351232                                {product} {ergonomic}
   size_t MinHeapDeltaBytes                        = 1048576                                   {product} {ergonomic}
    uintx NonNMethodCodeHeapSize                   = 5836300                                {pd product} {ergonomic}
    uintx NonProfiledCodeHeapSize                  = 122910970                              {pd product} {ergonomic}
    uintx ProfiledCodeHeapSize                     = 122910970                              {pd product} {ergonomic}
    uintx ReservedCodeCacheSize                    = 251658240                              {pd product} {ergonomic}
     bool SegmentedCodeCache                       = true                                      {product} {ergonomic}
     bool UseCompressedClassPointers               = true                                 {lp64_product} {ergonomic}
     bool UseCompressedOops                        = true                                 {lp64_product} {ergonomic}
     bool UseG1GC                                  = true                                      {product} {ergonomic}
     bool UseLargePagesIndividualAllocation        = false                                  {pd product} {ergonomic}

Logging:
Log output configuration:
 #0: stdout all=warning uptime,level,tags
 #1: stderr all=off uptime,level,tags

Environment Variables:
JAVA_HOME=C:\Program Files\Java\jdk1.8.0_201
PATH=C:\Program Files (x86)\Common Files\Oracle\Java\javapath;C:\Windows\system32;C:\Windows;C:\Windows\System32\Wbem;C:\Windows\System32\WindowsPowerShell\v1.0\;C:\Windows\System32\OpenSSH\;C:\Program Files\PuTTY\;C:\Program Files\nodejs\;C:\Program Files\Git\cmd;C:\Program Files\Java\jdk1.8.0_201\bin;C:\Users\Kirshan lal\AppData\Local\Microsoft\WindowsApps;C:\Users\Kirshan lal\AppData\Local\Programs\Microsoft VS Code\bin;C:\Users\Kirshan lal\AppData\Roaming\npm;C:\Users\Kirshan lal\AppData\Local\Android\Sdk\platform-tools;
USERNAME=Kirshan lal
OS=Windows_NT
PROCESSOR_IDENTIFIER=Intel64 Family 6 Model 142 Stepping 11, GenuineIntel



---------------  S Y S T E M  ---------------

OS: Windows 10 , 64 bit Build 19041 (10.0.19041.1348)
OS uptime: 14 days 7:39 hours

CPU:total 8 (initial active 8) (4 cores per cpu, 2 threads per core) family 6 model 142 stepping 11 microcode 0xae, cmov, cx8, fxsr, mmx, sse, sse2, sse3, ssse3, sse4.1, sse4.2, popcnt, avx, avx2, aes, clmul, erms, 3dnowpref, lzcnt, ht, tsc, tscinvbit, bmi1, bmi2, adx, fma

Memory: 4k page, system-wide physical 16265M (1774M free)
TotalPageFile size 31451M (AvailPageFile size 1189M)
current process WorkingSet (physical memory assigned to process): 667M, peak: 689M
current process commit charge ("private bytes"): 733M, peak: 738M

vm_info: OpenJDK 64-Bit Server VM (11.0.10+0-b96-7249189) for windows-amd64 JRE (11.0.10+0-b96-7249189), built on Mar 31 2021 21:44:00 by "builder" with MS VC++ 14.0 (VS2015)

END.
